2020-04-03 00:26:04.143 [main] INFO  c.e.a.AlitababaApplicationTests.logStarting(50) - Starting AlitababaApplicationTests on DESKTOP-5LMI30V with PID 13360 (started by zscgrhg in C:\data\alitababa)
2020-04-03 00:26:04.144 [main] INFO  c.e.a.AlitababaApplicationTests.logStartupProfileInfo(648) - No active profile set, falling back to default profiles: default
2020-04-03 00:26:06.497 [main] INFO  com.zaxxer.hikari.HikariDataSource.getConnection(110) - HikariPool-1 - Starting...
2020-04-03 00:26:07.096 [main] INFO  com.zaxxer.hikari.HikariDataSource.getConnection(123) - HikariPool-1 - Start completed.
2020-04-03 00:26:09.170 [main] INFO  o.s.s.c.ThreadPoolTaskExecutor.initialize(171) - Initializing ExecutorService 'applicationTaskExecutor'
2020-04-03 00:26:09.602 [main] WARN  o.s.b.a.g.t.GroovyTemplateAutoConfiguration.checkTemplateLocationExists(90) - Cannot find template location: classpath:/templates/ (please add some templates, check your Groovy configuration, or set spring.groovy.template.check-template-location=false)
2020-04-03 00:26:10.264 [main] INFO  c.e.a.AlitababaApplicationTests.logStarted(59) - Started AlitababaApplicationTests in 6.74 seconds (JVM running for 10.1)
2020-04-03 00:26:10.297 [main] DEBUG m.etz.zunit.trace.InvocationContext.starting(53) - testSelect2(com.example.alitababa.AlitababaApplicationTests) starting
2020-04-03 00:26:10.297 [main] DEBUG m.etz.zunit.trace.InvocationContext.starting(53) - testSelect2(com.example.alitababa.AlitababaApplicationTests) starting
2020-04-03 00:26:10.632 [main] DEBUG moc.etz.zunit.trace.TraceHelper.atEntry(20) - 1,trigger by entry:public abstract java.util.List com.example.alitababa.service.UserService.selectBatchIds(java.util.Collection)
2020-04-03 00:26:10.632 [main] DEBUG moc.etz.zunit.trace.TraceHelper.atEntry(20) - 1,trigger by entry:public abstract java.util.List com.example.alitababa.service.UserService.selectBatchIds(java.util.Collection)
2020-04-03 00:26:10.638 [main] DEBUG m.etz.zunit.trace.InvocationContext.canPush(62) - canPush :true
2020-04-03 00:26:10.638 [main] DEBUG m.etz.zunit.trace.InvocationContext.canPush(62) - canPush :true
2020-04-03 00:26:10.684 [main] DEBUG moc.etz.zunit.trace.TraceHelper.atEntry(20) - 2,trigger by entry:public java.util.List com.example.alitababa.service.UserServiceImpl.selectBatchIds(java.util.Collection)
2020-04-03 00:26:10.684 [main] DEBUG moc.etz.zunit.trace.TraceHelper.atEntry(20) - 2,trigger by entry:public java.util.List com.example.alitababa.service.UserServiceImpl.selectBatchIds(java.util.Collection)
2020-04-03 00:26:10.684 [main] DEBUG m.etz.zunit.trace.InvocationContext.canPush(62) - canPush :false
2020-04-03 00:26:10.684 [main] DEBUG m.etz.zunit.trace.InvocationContext.canPush(62) - canPush :false
2020-04-03 00:26:10.691 [ForkJoinPool.commonPool-worker-3] DEBUG moc.etz.zunit.trace.TraceHelper.atEntry(20) - 13,trigger by entry:public abstract T com.baomidou.mybatisplus.core.mapper.BaseMapper.selectById(java.io.Serializable)
2020-04-03 00:26:10.691 [ForkJoinPool.commonPool-worker-5] DEBUG moc.etz.zunit.trace.TraceHelper.atEntry(20) - 13,trigger by entry:public abstract T com.baomidou.mybatisplus.core.mapper.BaseMapper.selectById(java.io.Serializable)
2020-04-03 00:26:10.691 [ForkJoinPool.commonPool-worker-5] DEBUG moc.etz.zunit.trace.TraceHelper.atEntry(20) - 13,trigger by entry:public abstract T com.baomidou.mybatisplus.core.mapper.BaseMapper.selectById(java.io.Serializable)
2020-04-03 00:26:10.691 [ForkJoinPool.commonPool-worker-1] DEBUG moc.etz.zunit.trace.TraceHelper.atEntry(20) - 13,trigger by entry:public abstract T com.baomidou.mybatisplus.core.mapper.BaseMapper.selectById(java.io.Serializable)
2020-04-03 00:26:10.691 [ForkJoinPool.commonPool-worker-4] DEBUG moc.etz.zunit.trace.TraceHelper.atEntry(20) - 13,trigger by entry:public abstract T com.baomidou.mybatisplus.core.mapper.BaseMapper.selectById(java.io.Serializable)
2020-04-03 00:26:10.691 [ForkJoinPool.commonPool-worker-1] DEBUG moc.etz.zunit.trace.TraceHelper.atEntry(20) - 13,trigger by entry:public abstract T com.baomidou.mybatisplus.core.mapper.BaseMapper.selectById(java.io.Serializable)
2020-04-03 00:26:10.691 [ForkJoinPool.commonPool-worker-4] DEBUG moc.etz.zunit.trace.TraceHelper.atEntry(20) - 13,trigger by entry:public abstract T com.baomidou.mybatisplus.core.mapper.BaseMapper.selectById(java.io.Serializable)
2020-04-03 00:26:10.691 [main] DEBUG moc.etz.zunit.trace.TraceHelper.atEntry(20) - 13,trigger by entry:public abstract T com.baomidou.mybatisplus.core.mapper.BaseMapper.selectById(java.io.Serializable)
2020-04-03 00:26:10.691 [main] DEBUG moc.etz.zunit.trace.TraceHelper.atEntry(20) - 13,trigger by entry:public abstract T com.baomidou.mybatisplus.core.mapper.BaseMapper.selectById(java.io.Serializable)
2020-04-03 00:26:10.692 [ForkJoinPool.commonPool-worker-4] DEBUG m.etz.zunit.trace.InvocationContext.canPush(62) - canPush :true
2020-04-03 00:26:10.692 [ForkJoinPool.commonPool-worker-4] DEBUG m.etz.zunit.trace.InvocationContext.canPush(62) - canPush :true
2020-04-03 00:26:10.691 [ForkJoinPool.commonPool-worker-3] DEBUG moc.etz.zunit.trace.TraceHelper.atEntry(20) - 13,trigger by entry:public abstract T com.baomidou.mybatisplus.core.mapper.BaseMapper.selectById(java.io.Serializable)
2020-04-03 00:26:10.692 [ForkJoinPool.commonPool-worker-3] DEBUG m.etz.zunit.trace.InvocationContext.canPush(62) - canPush :true
2020-04-03 00:26:10.692 [ForkJoinPool.commonPool-worker-3] DEBUG m.etz.zunit.trace.InvocationContext.canPush(62) - canPush :true
2020-04-03 00:26:10.692 [ForkJoinPool.commonPool-worker-4] DEBUG m.etz.zunit.trace.InvocationContext.push(88) - stage:Invocation(id=1, threadId=1, mid=1, method=selectBatchIds, signature=selectBatchIds(java.util.Collection), refPath=null, clazz=class com.example.alitababa.service.UserServiceImpl, declaredClass=null, staticInvoke=false, subject=true, finished=false)
2020-04-03 00:26:10.692 [ForkJoinPool.commonPool-worker-4] DEBUG m.etz.zunit.trace.InvocationContext.push(88) - stage:Invocation(id=1, threadId=1, mid=1, method=selectBatchIds, signature=selectBatchIds(java.util.Collection), refPath=null, clazz=class com.example.alitababa.service.UserServiceImpl, declaredClass=null, staticInvoke=false, subject=true, finished=false)
2020-04-03 00:26:10.692 [main] DEBUG m.etz.zunit.trace.InvocationContext.canPush(62) - canPush :true
2020-04-03 00:26:10.692 [main] DEBUG m.etz.zunit.trace.InvocationContext.canPush(62) - canPush :true
2020-04-03 00:26:10.692 [ForkJoinPool.commonPool-worker-3] DEBUG m.etz.zunit.trace.InvocationContext.push(88) - stage:Invocation(id=1, threadId=1, mid=1, method=selectBatchIds, signature=selectBatchIds(java.util.Collection), refPath=null, clazz=class com.example.alitababa.service.UserServiceImpl, declaredClass=null, staticInvoke=false, subject=true, finished=false)
2020-04-03 00:26:10.692 [ForkJoinPool.commonPool-worker-3] DEBUG m.etz.zunit.trace.InvocationContext.push(88) - stage:Invocation(id=1, threadId=1, mid=1, method=selectBatchIds, signature=selectBatchIds(java.util.Collection), refPath=null, clazz=class com.example.alitababa.service.UserServiceImpl, declaredClass=null, staticInvoke=false, subject=true, finished=false)
2020-04-03 00:26:10.692 [ForkJoinPool.commonPool-worker-5] DEBUG m.etz.zunit.trace.InvocationContext.canPush(62) - canPush :true
2020-04-03 00:26:10.692 [ForkJoinPool.commonPool-worker-5] DEBUG m.etz.zunit.trace.InvocationContext.canPush(62) - canPush :true
2020-04-03 00:26:10.691 [ForkJoinPool.commonPool-worker-2] DEBUG moc.etz.zunit.trace.TraceHelper.atEntry(20) - 13,trigger by entry:public abstract T com.baomidou.mybatisplus.core.mapper.BaseMapper.selectById(java.io.Serializable)
2020-04-03 00:26:10.691 [ForkJoinPool.commonPool-worker-2] DEBUG moc.etz.zunit.trace.TraceHelper.atEntry(20) - 13,trigger by entry:public abstract T com.baomidou.mybatisplus.core.mapper.BaseMapper.selectById(java.io.Serializable)
2020-04-03 00:26:10.694 [ForkJoinPool.commonPool-worker-5] DEBUG m.etz.zunit.trace.InvocationContext.push(88) - stage:Invocation(id=1, threadId=1, mid=1, method=selectBatchIds, signature=selectBatchIds(java.util.Collection), refPath=null, clazz=class com.example.alitababa.service.UserServiceImpl, declaredClass=null, staticInvoke=false, subject=true, finished=false)
2020-04-03 00:26:10.694 [ForkJoinPool.commonPool-worker-5] DEBUG m.etz.zunit.trace.InvocationContext.push(88) - stage:Invocation(id=1, threadId=1, mid=1, method=selectBatchIds, signature=selectBatchIds(java.util.Collection), refPath=null, clazz=class com.example.alitababa.service.UserServiceImpl, declaredClass=null, staticInvoke=false, subject=true, finished=false)
2020-04-03 00:26:10.692 [ForkJoinPool.commonPool-worker-1] DEBUG m.etz.zunit.trace.InvocationContext.canPush(62) - canPush :true
2020-04-03 00:26:10.692 [ForkJoinPool.commonPool-worker-1] DEBUG m.etz.zunit.trace.InvocationContext.canPush(62) - canPush :true
2020-04-03 00:26:10.694 [ForkJoinPool.commonPool-worker-1] DEBUG m.etz.zunit.trace.InvocationContext.push(88) - stage:Invocation(id=1, threadId=1, mid=1, method=selectBatchIds, signature=selectBatchIds(java.util.Collection), refPath=null, clazz=class com.example.alitababa.service.UserServiceImpl, declaredClass=null, staticInvoke=false, subject=true, finished=false)
2020-04-03 00:26:10.694 [ForkJoinPool.commonPool-worker-1] DEBUG m.etz.zunit.trace.InvocationContext.push(88) - stage:Invocation(id=1, threadId=1, mid=1, method=selectBatchIds, signature=selectBatchIds(java.util.Collection), refPath=null, clazz=class com.example.alitababa.service.UserServiceImpl, declaredClass=null, staticInvoke=false, subject=true, finished=false)
2020-04-03 00:26:10.694 [ForkJoinPool.commonPool-worker-2] DEBUG m.etz.zunit.trace.InvocationContext.canPush(62) - canPush :true
2020-04-03 00:26:10.694 [ForkJoinPool.commonPool-worker-2] DEBUG m.etz.zunit.trace.InvocationContext.canPush(62) - canPush :true
2020-04-03 00:26:10.695 [ForkJoinPool.commonPool-worker-2] DEBUG m.etz.zunit.trace.InvocationContext.push(88) - stage:Invocation(id=1, threadId=1, mid=1, method=selectBatchIds, signature=selectBatchIds(java.util.Collection), refPath=null, clazz=class com.example.alitababa.service.UserServiceImpl, declaredClass=null, staticInvoke=false, subject=true, finished=false)
2020-04-03 00:26:10.695 [ForkJoinPool.commonPool-worker-2] DEBUG m.etz.zunit.trace.InvocationContext.push(88) - stage:Invocation(id=1, threadId=1, mid=1, method=selectBatchIds, signature=selectBatchIds(java.util.Collection), refPath=null, clazz=class com.example.alitababa.service.UserServiceImpl, declaredClass=null, staticInvoke=false, subject=true, finished=false)
2020-04-03 00:26:10.776 [ForkJoinPool.commonPool-worker-4] DEBUG moc.etz.zunit.trace.TraceHelper.atExit(39) - 13,trigger by exit:public abstract T com.baomidou.mybatisplus.core.mapper.BaseMapper.selectById(java.io.Serializable)
2020-04-03 00:26:10.776 [ForkJoinPool.commonPool-worker-2] DEBUG moc.etz.zunit.trace.TraceHelper.atExit(39) - 13,trigger by exit:public abstract T com.baomidou.mybatisplus.core.mapper.BaseMapper.selectById(java.io.Serializable)
2020-04-03 00:26:10.776 [main] DEBUG moc.etz.zunit.trace.TraceHelper.atExit(39) - 13,trigger by exit:public abstract T com.baomidou.mybatisplus.core.mapper.BaseMapper.selectById(java.io.Serializable)
2020-04-03 00:26:10.776 [ForkJoinPool.commonPool-worker-4] DEBUG moc.etz.zunit.trace.TraceHelper.atExit(39) - 13,trigger by exit:public abstract T com.baomidou.mybatisplus.core.mapper.BaseMapper.selectById(java.io.Serializable)
2020-04-03 00:26:10.776 [ForkJoinPool.commonPool-worker-2] DEBUG moc.etz.zunit.trace.TraceHelper.atExit(39) - 13,trigger by exit:public abstract T com.baomidou.mybatisplus.core.mapper.BaseMapper.selectById(java.io.Serializable)
2020-04-03 00:26:10.776 [ForkJoinPool.commonPool-worker-4] DEBUG m.etz.zunit.trace.InvocationContext.canPop(75) - canPop :true
2020-04-03 00:26:10.776 [main] DEBUG moc.etz.zunit.trace.TraceHelper.atExit(39) - 13,trigger by exit:public abstract T com.baomidou.mybatisplus.core.mapper.BaseMapper.selectById(java.io.Serializable)
2020-04-03 00:26:10.776 [ForkJoinPool.commonPool-worker-2] DEBUG m.etz.zunit.trace.InvocationContext.canPop(75) - canPop :true
2020-04-03 00:26:10.776 [ForkJoinPool.commonPool-worker-2] DEBUG m.etz.zunit.trace.InvocationContext.canPop(75) - canPop :true
2020-04-03 00:26:10.776 [ForkJoinPool.commonPool-worker-3] DEBUG moc.etz.zunit.trace.TraceHelper.atExit(39) - 13,trigger by exit:public abstract T com.baomidou.mybatisplus.core.mapper.BaseMapper.selectById(java.io.Serializable)
2020-04-03 00:26:10.776 [ForkJoinPool.commonPool-worker-3] DEBUG moc.etz.zunit.trace.TraceHelper.atExit(39) - 13,trigger by exit:public abstract T com.baomidou.mybatisplus.core.mapper.BaseMapper.selectById(java.io.Serializable)
2020-04-03 00:26:10.776 [main] DEBUG m.etz.zunit.trace.InvocationContext.canPop(75) - canPop :true
2020-04-03 00:26:10.776 [main] DEBUG m.etz.zunit.trace.InvocationContext.canPop(75) - canPop :true
2020-04-03 00:26:10.776 [ForkJoinPool.commonPool-worker-4] DEBUG m.etz.zunit.trace.InvocationContext.canPop(75) - canPop :true
2020-04-03 00:26:10.776 [ForkJoinPool.commonPool-worker-3] DEBUG m.etz.zunit.trace.InvocationContext.canPop(75) - canPop :true
2020-04-03 00:26:10.777 [ForkJoinPool.commonPool-worker-1] DEBUG moc.etz.zunit.trace.TraceHelper.atExit(39) - 13,trigger by exit:public abstract T com.baomidou.mybatisplus.core.mapper.BaseMapper.selectById(java.io.Serializable)
2020-04-03 00:26:10.776 [ForkJoinPool.commonPool-worker-3] DEBUG m.etz.zunit.trace.InvocationContext.canPop(75) - canPop :true
2020-04-03 00:26:10.777 [ForkJoinPool.commonPool-worker-1] DEBUG moc.etz.zunit.trace.TraceHelper.atExit(39) - 13,trigger by exit:public abstract T com.baomidou.mybatisplus.core.mapper.BaseMapper.selectById(java.io.Serializable)
2020-04-03 00:26:10.777 [ForkJoinPool.commonPool-worker-5] DEBUG moc.etz.zunit.trace.TraceHelper.atExit(39) - 13,trigger by exit:public abstract T com.baomidou.mybatisplus.core.mapper.BaseMapper.selectById(java.io.Serializable)
2020-04-03 00:26:10.777 [ForkJoinPool.commonPool-worker-5] DEBUG moc.etz.zunit.trace.TraceHelper.atExit(39) - 13,trigger by exit:public abstract T com.baomidou.mybatisplus.core.mapper.BaseMapper.selectById(java.io.Serializable)
2020-04-03 00:26:10.777 [ForkJoinPool.commonPool-worker-1] DEBUG m.etz.zunit.trace.InvocationContext.canPop(75) - canPop :true
2020-04-03 00:26:10.777 [ForkJoinPool.commonPool-worker-1] DEBUG m.etz.zunit.trace.InvocationContext.canPop(75) - canPop :true
2020-04-03 00:26:10.778 [ForkJoinPool.commonPool-worker-5] DEBUG m.etz.zunit.trace.InvocationContext.canPop(75) - canPop :true
2020-04-03 00:26:10.778 [ForkJoinPool.commonPool-worker-5] DEBUG m.etz.zunit.trace.InvocationContext.canPop(75) - canPop :true
2020-04-03 00:26:10.779 [ForkJoinPool.commonPool-worker-2] DEBUG m.etz.zunit.trace.InvocationContext.pop(144) - unstaged:Invocation(id=1, threadId=1, mid=1, method=selectBatchIds, signature=selectBatchIds(java.util.Collection), refPath=null, clazz=class com.example.alitababa.service.UserServiceImpl, declaredClass=null, staticInvoke=false, subject=true, finished=false)
2020-04-03 00:26:10.779 [ForkJoinPool.commonPool-worker-2] DEBUG m.etz.zunit.trace.InvocationContext.pop(144) - unstaged:Invocation(id=1, threadId=1, mid=1, method=selectBatchIds, signature=selectBatchIds(java.util.Collection), refPath=null, clazz=class com.example.alitababa.service.UserServiceImpl, declaredClass=null, staticInvoke=false, subject=true, finished=false)
2020-04-03 00:26:10.779 [ForkJoinPool.commonPool-worker-2] DEBUG moc.etz.zunit.trace.TraceHelper.atEntry(20) - 13,trigger by entry:public abstract T com.baomidou.mybatisplus.core.mapper.BaseMapper.selectById(java.io.Serializable)
2020-04-03 00:26:10.779 [ForkJoinPool.commonPool-worker-2] DEBUG moc.etz.zunit.trace.TraceHelper.atEntry(20) - 13,trigger by entry:public abstract T com.baomidou.mybatisplus.core.mapper.BaseMapper.selectById(java.io.Serializable)
2020-04-03 00:26:10.780 [ForkJoinPool.commonPool-worker-2] DEBUG m.etz.zunit.trace.InvocationContext.canPush(62) - canPush :true
2020-04-03 00:26:10.780 [ForkJoinPool.commonPool-worker-2] DEBUG m.etz.zunit.trace.InvocationContext.canPush(62) - canPush :true
2020-04-03 00:26:10.780 [ForkJoinPool.commonPool-worker-2] DEBUG m.etz.zunit.trace.InvocationContext.push(88) - stage:Invocation(id=1, threadId=1, mid=1, method=selectBatchIds, signature=selectBatchIds(java.util.Collection), refPath=null, clazz=class com.example.alitababa.service.UserServiceImpl, declaredClass=null, staticInvoke=false, subject=true, finished=false)
2020-04-03 00:26:10.780 [ForkJoinPool.commonPool-worker-2] DEBUG m.etz.zunit.trace.InvocationContext.push(88) - stage:Invocation(id=1, threadId=1, mid=1, method=selectBatchIds, signature=selectBatchIds(java.util.Collection), refPath=null, clazz=class com.example.alitababa.service.UserServiceImpl, declaredClass=null, staticInvoke=false, subject=true, finished=false)
2020-04-03 00:26:10.780 [ForkJoinPool.commonPool-worker-4] DEBUG m.etz.zunit.trace.InvocationContext.pop(144) - unstaged:Invocation(id=1, threadId=1, mid=1, method=selectBatchIds, signature=selectBatchIds(java.util.Collection), refPath=null, clazz=class com.example.alitababa.service.UserServiceImpl, declaredClass=null, staticInvoke=false, subject=true, finished=false)
2020-04-03 00:26:10.780 [ForkJoinPool.commonPool-worker-4] DEBUG m.etz.zunit.trace.InvocationContext.pop(144) - unstaged:Invocation(id=1, threadId=1, mid=1, method=selectBatchIds, signature=selectBatchIds(java.util.Collection), refPath=null, clazz=class com.example.alitababa.service.UserServiceImpl, declaredClass=null, staticInvoke=false, subject=true, finished=false)
2020-04-03 00:26:10.780 [main] DEBUG moc.etz.zunit.trace.TraceHelper.atEntry(20) - 13,trigger by entry:public abstract T com.baomidou.mybatisplus.core.mapper.BaseMapper.selectById(java.io.Serializable)
2020-04-03 00:26:10.780 [ForkJoinPool.commonPool-worker-4] DEBUG moc.etz.zunit.trace.TraceHelper.atEntry(20) - 13,trigger by entry:public abstract T com.baomidou.mybatisplus.core.mapper.BaseMapper.selectById(java.io.Serializable)
2020-04-03 00:26:10.780 [main] DEBUG moc.etz.zunit.trace.TraceHelper.atEntry(20) - 13,trigger by entry:public abstract T com.baomidou.mybatisplus.core.mapper.BaseMapper.selectById(java.io.Serializable)
2020-04-03 00:26:10.780 [ForkJoinPool.commonPool-worker-4] DEBUG moc.etz.zunit.trace.TraceHelper.atEntry(20) - 13,trigger by entry:public abstract T com.baomidou.mybatisplus.core.mapper.BaseMapper.selectById(java.io.Serializable)
2020-04-03 00:26:10.781 [ForkJoinPool.commonPool-worker-4] DEBUG m.etz.zunit.trace.InvocationContext.canPush(62) - canPush :true
2020-04-03 00:26:10.781 [main] DEBUG m.etz.zunit.trace.InvocationContext.canPush(62) - canPush :true
2020-04-03 00:26:10.781 [ForkJoinPool.commonPool-worker-4] DEBUG m.etz.zunit.trace.InvocationContext.canPush(62) - canPush :true
2020-04-03 00:26:10.781 [main] DEBUG m.etz.zunit.trace.InvocationContext.canPush(62) - canPush :true
2020-04-03 00:26:10.781 [ForkJoinPool.commonPool-worker-4] DEBUG m.etz.zunit.trace.InvocationContext.push(88) - stage:Invocation(id=1, threadId=1, mid=1, method=selectBatchIds, signature=selectBatchIds(java.util.Collection), refPath=null, clazz=class com.example.alitababa.service.UserServiceImpl, declaredClass=null, staticInvoke=false, subject=true, finished=false)
2020-04-03 00:26:10.781 [ForkJoinPool.commonPool-worker-4] DEBUG m.etz.zunit.trace.InvocationContext.push(88) - stage:Invocation(id=1, threadId=1, mid=1, method=selectBatchIds, signature=selectBatchIds(java.util.Collection), refPath=null, clazz=class com.example.alitababa.service.UserServiceImpl, declaredClass=null, staticInvoke=false, subject=true, finished=false)
2020-04-03 00:26:10.781 [ForkJoinPool.commonPool-worker-5] DEBUG m.etz.zunit.trace.InvocationContext.pop(144) - unstaged:Invocation(id=1, threadId=1, mid=1, method=selectBatchIds, signature=selectBatchIds(java.util.Collection), refPath=null, clazz=class com.example.alitababa.service.UserServiceImpl, declaredClass=null, staticInvoke=false, subject=true, finished=false)
2020-04-03 00:26:10.781 [ForkJoinPool.commonPool-worker-5] DEBUG m.etz.zunit.trace.InvocationContext.pop(144) - unstaged:Invocation(id=1, threadId=1, mid=1, method=selectBatchIds, signature=selectBatchIds(java.util.Collection), refPath=null, clazz=class com.example.alitababa.service.UserServiceImpl, declaredClass=null, staticInvoke=false, subject=true, finished=false)
2020-04-03 00:26:10.782 [ForkJoinPool.commonPool-worker-1] DEBUG m.etz.zunit.trace.InvocationContext.pop(144) - unstaged:Invocation(id=1, threadId=1, mid=1, method=selectBatchIds, signature=selectBatchIds(java.util.Collection), refPath=null, clazz=class com.example.alitababa.service.UserServiceImpl, declaredClass=null, staticInvoke=false, subject=true, finished=false)
2020-04-03 00:26:10.782 [ForkJoinPool.commonPool-worker-3] DEBUG m.etz.zunit.trace.InvocationContext.pop(144) - unstaged:Invocation(id=1, threadId=1, mid=1, method=selectBatchIds, signature=selectBatchIds(java.util.Collection), refPath=null, clazz=class com.example.alitababa.service.UserServiceImpl, declaredClass=null, staticInvoke=false, subject=true, finished=false)
2020-04-03 00:26:10.782 [ForkJoinPool.commonPool-worker-3] DEBUG m.etz.zunit.trace.InvocationContext.pop(144) - unstaged:Invocation(id=1, threadId=1, mid=1, method=selectBatchIds, signature=selectBatchIds(java.util.Collection), refPath=null, clazz=class com.example.alitababa.service.UserServiceImpl, declaredClass=null, staticInvoke=false, subject=true, finished=false)
2020-04-03 00:26:10.782 [ForkJoinPool.commonPool-worker-1] DEBUG m.etz.zunit.trace.InvocationContext.pop(144) - unstaged:Invocation(id=1, threadId=1, mid=1, method=selectBatchIds, signature=selectBatchIds(java.util.Collection), refPath=null, clazz=class com.example.alitababa.service.UserServiceImpl, declaredClass=null, staticInvoke=false, subject=true, finished=false)
2020-04-03 00:26:10.783 [ForkJoinPool.commonPool-worker-2] DEBUG moc.etz.zunit.trace.TraceHelper.atExit(39) - 13,trigger by exit:public abstract T com.baomidou.mybatisplus.core.mapper.BaseMapper.selectById(java.io.Serializable)
2020-04-03 00:26:10.783 [main] DEBUG moc.etz.zunit.trace.TraceHelper.atExit(39) - 13,trigger by exit:public abstract T com.baomidou.mybatisplus.core.mapper.BaseMapper.selectById(java.io.Serializable)
2020-04-03 00:26:10.783 [ForkJoinPool.commonPool-worker-2] DEBUG moc.etz.zunit.trace.TraceHelper.atExit(39) - 13,trigger by exit:public abstract T com.baomidou.mybatisplus.core.mapper.BaseMapper.selectById(java.io.Serializable)
2020-04-03 00:26:10.783 [main] DEBUG moc.etz.zunit.trace.TraceHelper.atExit(39) - 13,trigger by exit:public abstract T com.baomidou.mybatisplus.core.mapper.BaseMapper.selectById(java.io.Serializable)
2020-04-03 00:26:10.783 [ForkJoinPool.commonPool-worker-2] DEBUG m.etz.zunit.trace.InvocationContext.canPop(75) - canPop :true
2020-04-03 00:26:10.783 [ForkJoinPool.commonPool-worker-2] DEBUG m.etz.zunit.trace.InvocationContext.canPop(75) - canPop :true
2020-04-03 00:26:10.783 [main] DEBUG m.etz.zunit.trace.InvocationContext.canPop(75) - canPop :true
2020-04-03 00:26:10.783 [main] DEBUG m.etz.zunit.trace.InvocationContext.canPop(75) - canPop :true
2020-04-03 00:26:10.789 [ForkJoinPool.commonPool-worker-2] DEBUG m.etz.zunit.trace.InvocationContext.pop(144) - unstaged:Invocation(id=1, threadId=1, mid=1, method=selectBatchIds, signature=selectBatchIds(java.util.Collection), refPath=null, clazz=class com.example.alitababa.service.UserServiceImpl, declaredClass=null, staticInvoke=false, subject=true, finished=false)
2020-04-03 00:26:10.789 [ForkJoinPool.commonPool-worker-2] DEBUG m.etz.zunit.trace.InvocationContext.pop(144) - unstaged:Invocation(id=1, threadId=1, mid=1, method=selectBatchIds, signature=selectBatchIds(java.util.Collection), refPath=null, clazz=class com.example.alitababa.service.UserServiceImpl, declaredClass=null, staticInvoke=false, subject=true, finished=false)
2020-04-03 00:26:10.790 [ForkJoinPool.commonPool-worker-4] DEBUG moc.etz.zunit.trace.TraceHelper.atExit(39) - 13,trigger by exit:public abstract T com.baomidou.mybatisplus.core.mapper.BaseMapper.selectById(java.io.Serializable)
2020-04-03 00:26:10.790 [ForkJoinPool.commonPool-worker-4] DEBUG moc.etz.zunit.trace.TraceHelper.atExit(39) - 13,trigger by exit:public abstract T com.baomidou.mybatisplus.core.mapper.BaseMapper.selectById(java.io.Serializable)
2020-04-03 00:26:10.790 [ForkJoinPool.commonPool-worker-4] DEBUG m.etz.zunit.trace.InvocationContext.canPop(75) - canPop :true
2020-04-03 00:26:10.790 [ForkJoinPool.commonPool-worker-4] DEBUG m.etz.zunit.trace.InvocationContext.canPop(75) - canPop :true
2020-04-03 00:26:10.791 [ForkJoinPool.commonPool-worker-4] DEBUG m.etz.zunit.trace.InvocationContext.pop(144) - unstaged:Invocation(id=1, threadId=1, mid=1, method=selectBatchIds, signature=selectBatchIds(java.util.Collection), refPath=null, clazz=class com.example.alitababa.service.UserServiceImpl, declaredClass=null, staticInvoke=false, subject=true, finished=false)
2020-04-03 00:26:10.791 [ForkJoinPool.commonPool-worker-4] DEBUG m.etz.zunit.trace.InvocationContext.pop(144) - unstaged:Invocation(id=1, threadId=1, mid=1, method=selectBatchIds, signature=selectBatchIds(java.util.Collection), refPath=null, clazz=class com.example.alitababa.service.UserServiceImpl, declaredClass=null, staticInvoke=false, subject=true, finished=false)
2020-04-03 00:26:10.794 [main] DEBUG moc.etz.zunit.trace.TraceHelper.atExit(39) - 2,trigger by exit:public java.util.List com.example.alitababa.service.UserServiceImpl.selectBatchIds(java.util.Collection)
2020-04-03 00:26:10.794 [main] DEBUG moc.etz.zunit.trace.TraceHelper.atExit(39) - 2,trigger by exit:public java.util.List com.example.alitababa.service.UserServiceImpl.selectBatchIds(java.util.Collection)
2020-04-03 00:26:10.794 [main] DEBUG m.etz.zunit.trace.InvocationContext.canPop(75) - canPop :true
2020-04-03 00:26:10.794 [main] DEBUG m.etz.zunit.trace.InvocationContext.canPop(75) - canPop :true
2020-04-03 00:26:10.803 [main] DEBUG moc.etz.zunit.trace.TraceHelper.atExit(39) - 1,trigger by exit:public abstract java.util.List com.example.alitababa.service.UserService.selectBatchIds(java.util.Collection)
2020-04-03 00:26:10.803 [main] DEBUG moc.etz.zunit.trace.TraceHelper.atExit(39) - 1,trigger by exit:public abstract java.util.List com.example.alitababa.service.UserService.selectBatchIds(java.util.Collection)
2020-04-03 00:26:10.809 [main] DEBUG m.etz.zunit.trace.InvocationContext.succeeded(36) - testSelect2(com.example.alitababa.AlitababaApplicationTests) succeeded
2020-04-03 00:26:10.809 [main] DEBUG m.etz.zunit.trace.InvocationContext.succeeded(36) - testSelect2(com.example.alitababa.AlitababaApplicationTests) succeeded
2020-04-03 00:26:10.971 [main] DEBUG m.etz.zunit.trace.InvocationContext.finished(60) - testSelect2(com.example.alitababa.AlitababaApplicationTests) finished
2020-04-03 00:26:10.971 [main] DEBUG m.etz.zunit.trace.InvocationContext.finished(60) - testSelect2(com.example.alitababa.AlitababaApplicationTests) finished
2020-04-03 00:26:10.973 [main] DEBUG m.etz.zunit.trace.InvocationContext.starting(53) - testSelect(com.example.alitababa.AlitababaApplicationTests) starting
2020-04-03 00:26:10.973 [main] DEBUG m.etz.zunit.trace.InvocationContext.starting(53) - testSelect(com.example.alitababa.AlitababaApplicationTests) starting
2020-04-03 00:26:10.975 [main] DEBUG moc.etz.zunit.trace.TraceHelper.atEntry(20) - 1,trigger by entry:public abstract java.util.List com.example.alitababa.service.UserService.selectBatchIds(java.util.Collection)
2020-04-03 00:26:10.975 [main] DEBUG moc.etz.zunit.trace.TraceHelper.atEntry(20) - 1,trigger by entry:public abstract java.util.List com.example.alitababa.service.UserService.selectBatchIds(java.util.Collection)
2020-04-03 00:26:10.976 [main] DEBUG m.etz.zunit.trace.InvocationContext.canPush(62) - canPush :true
2020-04-03 00:26:10.976 [main] DEBUG m.etz.zunit.trace.InvocationContext.canPush(62) - canPush :true
2020-04-03 00:26:10.980 [main] DEBUG moc.etz.zunit.trace.TraceHelper.atEntry(20) - 2,trigger by entry:public java.util.List com.example.alitababa.service.UserServiceImpl.selectBatchIds(java.util.Collection)
2020-04-03 00:26:10.980 [main] DEBUG moc.etz.zunit.trace.TraceHelper.atEntry(20) - 2,trigger by entry:public java.util.List com.example.alitababa.service.UserServiceImpl.selectBatchIds(java.util.Collection)
2020-04-03 00:26:10.980 [main] DEBUG m.etz.zunit.trace.InvocationContext.canPush(62) - canPush :false
2020-04-03 00:26:10.980 [main] DEBUG m.etz.zunit.trace.InvocationContext.canPush(62) - canPush :false
2020-04-03 00:26:10.980 [ForkJoinPool.commonPool-worker-3] DEBUG moc.etz.zunit.trace.TraceHelper.atEntry(20) - 13,trigger by entry:public abstract T com.baomidou.mybatisplus.core.mapper.BaseMapper.selectById(java.io.Serializable)
2020-04-03 00:26:10.980 [ForkJoinPool.commonPool-worker-4] DEBUG moc.etz.zunit.trace.TraceHelper.atEntry(20) - 13,trigger by entry:public abstract T com.baomidou.mybatisplus.core.mapper.BaseMapper.selectById(java.io.Serializable)
2020-04-03 00:26:10.980 [ForkJoinPool.commonPool-worker-5] DEBUG moc.etz.zunit.trace.TraceHelper.atEntry(20) - 13,trigger by entry:public abstract T com.baomidou.mybatisplus.core.mapper.BaseMapper.selectById(java.io.Serializable)
2020-04-03 00:26:10.980 [ForkJoinPool.commonPool-worker-2] DEBUG moc.etz.zunit.trace.TraceHelper.atEntry(20) - 13,trigger by entry:public abstract T com.baomidou.mybatisplus.core.mapper.BaseMapper.selectById(java.io.Serializable)
2020-04-03 00:26:10.980 [ForkJoinPool.commonPool-worker-1] DEBUG moc.etz.zunit.trace.TraceHelper.atEntry(20) - 13,trigger by entry:public abstract T com.baomidou.mybatisplus.core.mapper.BaseMapper.selectById(java.io.Serializable)
2020-04-03 00:26:10.980 [ForkJoinPool.commonPool-worker-3] DEBUG moc.etz.zunit.trace.TraceHelper.atEntry(20) - 13,trigger by entry:public abstract T com.baomidou.mybatisplus.core.mapper.BaseMapper.selectById(java.io.Serializable)
2020-04-03 00:26:10.980 [main] DEBUG moc.etz.zunit.trace.TraceHelper.atEntry(20) - 13,trigger by entry:public abstract T com.baomidou.mybatisplus.core.mapper.BaseMapper.selectById(java.io.Serializable)
2020-04-03 00:26:10.980 [ForkJoinPool.commonPool-worker-2] DEBUG moc.etz.zunit.trace.TraceHelper.atEntry(20) - 13,trigger by entry:public abstract T com.baomidou.mybatisplus.core.mapper.BaseMapper.selectById(java.io.Serializable)
2020-04-03 00:26:10.980 [ForkJoinPool.commonPool-worker-4] DEBUG moc.etz.zunit.trace.TraceHelper.atEntry(20) - 13,trigger by entry:public abstract T com.baomidou.mybatisplus.core.mapper.BaseMapper.selectById(java.io.Serializable)
2020-04-03 00:26:10.980 [ForkJoinPool.commonPool-worker-1] DEBUG moc.etz.zunit.trace.TraceHelper.atEntry(20) - 13,trigger by entry:public abstract T com.baomidou.mybatisplus.core.mapper.BaseMapper.selectById(java.io.Serializable)
2020-04-03 00:26:10.980 [ForkJoinPool.commonPool-worker-5] DEBUG moc.etz.zunit.trace.TraceHelper.atEntry(20) - 13,trigger by entry:public abstract T com.baomidou.mybatisplus.core.mapper.BaseMapper.selectById(java.io.Serializable)
2020-04-03 00:26:10.981 [ForkJoinPool.commonPool-worker-2] DEBUG m.etz.zunit.trace.InvocationContext.canPush(62) - canPush :true
2020-04-03 00:26:10.981 [ForkJoinPool.commonPool-worker-3] DEBUG m.etz.zunit.trace.InvocationContext.canPush(62) - canPush :true
2020-04-03 00:26:10.981 [ForkJoinPool.commonPool-worker-4] DEBUG m.etz.zunit.trace.InvocationContext.canPush(62) - canPush :true
2020-04-03 00:26:10.981 [ForkJoinPool.commonPool-worker-5] DEBUG m.etz.zunit.trace.InvocationContext.canPush(62) - canPush :true
2020-04-03 00:26:10.981 [ForkJoinPool.commonPool-worker-5] DEBUG m.etz.zunit.trace.InvocationContext.canPush(62) - canPush :true
2020-04-03 00:26:10.980 [main] DEBUG moc.etz.zunit.trace.TraceHelper.atEntry(20) - 13,trigger by entry:public abstract T com.baomidou.mybatisplus.core.mapper.BaseMapper.selectById(java.io.Serializable)
2020-04-03 00:26:10.981 [ForkJoinPool.commonPool-worker-1] DEBUG m.etz.zunit.trace.InvocationContext.canPush(62) - canPush :true
2020-04-03 00:26:10.981 [ForkJoinPool.commonPool-worker-1] DEBUG m.etz.zunit.trace.InvocationContext.canPush(62) - canPush :true
2020-04-03 00:26:10.981 [ForkJoinPool.commonPool-worker-2] DEBUG m.etz.zunit.trace.InvocationContext.canPush(62) - canPush :true
2020-04-03 00:26:10.981 [ForkJoinPool.commonPool-worker-5] DEBUG m.etz.zunit.trace.InvocationContext.push(88) - stage:Invocation(id=21, threadId=1, mid=1, method=selectBatchIds, signature=selectBatchIds(java.util.Collection), refPath=null, clazz=class com.example.alitababa.service.UserServiceImpl, declaredClass=null, staticInvoke=false, subject=true, finished=false)
2020-04-03 00:26:10.981 [ForkJoinPool.commonPool-worker-3] DEBUG m.etz.zunit.trace.InvocationContext.canPush(62) - canPush :true
2020-04-03 00:26:10.981 [ForkJoinPool.commonPool-worker-5] DEBUG m.etz.zunit.trace.InvocationContext.push(88) - stage:Invocation(id=21, threadId=1, mid=1, method=selectBatchIds, signature=selectBatchIds(java.util.Collection), refPath=null, clazz=class com.example.alitababa.service.UserServiceImpl, declaredClass=null, staticInvoke=false, subject=true, finished=false)
2020-04-03 00:26:10.981 [ForkJoinPool.commonPool-worker-4] DEBUG m.etz.zunit.trace.InvocationContext.canPush(62) - canPush :true
2020-04-03 00:26:10.981 [main] DEBUG m.etz.zunit.trace.InvocationContext.canPush(62) - canPush :true
2020-04-03 00:26:10.981 [main] DEBUG m.etz.zunit.trace.InvocationContext.canPush(62) - canPush :true
2020-04-03 00:26:10.981 [ForkJoinPool.commonPool-worker-3] DEBUG m.etz.zunit.trace.InvocationContext.push(88) - stage:Invocation(id=21, threadId=1, mid=1, method=selectBatchIds, signature=selectBatchIds(java.util.Collection), refPath=null, clazz=class com.example.alitababa.service.UserServiceImpl, declaredClass=null, staticInvoke=false, subject=true, finished=false)
2020-04-03 00:26:10.981 [ForkJoinPool.commonPool-worker-3] DEBUG m.etz.zunit.trace.InvocationContext.push(88) - stage:Invocation(id=21, threadId=1, mid=1, method=selectBatchIds, signature=selectBatchIds(java.util.Collection), refPath=null, clazz=class com.example.alitababa.service.UserServiceImpl, declaredClass=null, staticInvoke=false, subject=true, finished=false)
2020-04-03 00:26:10.981 [ForkJoinPool.commonPool-worker-1] DEBUG m.etz.zunit.trace.InvocationContext.push(88) - stage:Invocation(id=21, threadId=1, mid=1, method=selectBatchIds, signature=selectBatchIds(java.util.Collection), refPath=null, clazz=class com.example.alitababa.service.UserServiceImpl, declaredClass=null, staticInvoke=false, subject=true, finished=false)
2020-04-03 00:26:10.981 [ForkJoinPool.commonPool-worker-2] DEBUG m.etz.zunit.trace.InvocationContext.push(88) - stage:Invocation(id=21, threadId=1, mid=1, method=selectBatchIds, signature=selectBatchIds(java.util.Collection), refPath=null, clazz=class com.example.alitababa.service.UserServiceImpl, declaredClass=null, staticInvoke=false, subject=true, finished=false)
2020-04-03 00:26:10.981 [ForkJoinPool.commonPool-worker-1] DEBUG m.etz.zunit.trace.InvocationContext.push(88) - stage:Invocation(id=21, threadId=1, mid=1, method=selectBatchIds, signature=selectBatchIds(java.util.Collection), refPath=null, clazz=class com.example.alitababa.service.UserServiceImpl, declaredClass=null, staticInvoke=false, subject=true, finished=false)
2020-04-03 00:26:10.981 [ForkJoinPool.commonPool-worker-2] DEBUG m.etz.zunit.trace.InvocationContext.push(88) - stage:Invocation(id=21, threadId=1, mid=1, method=selectBatchIds, signature=selectBatchIds(java.util.Collection), refPath=null, clazz=class com.example.alitababa.service.UserServiceImpl, declaredClass=null, staticInvoke=false, subject=true, finished=false)
2020-04-03 00:26:10.981 [ForkJoinPool.commonPool-worker-4] DEBUG m.etz.zunit.trace.InvocationContext.push(88) - stage:Invocation(id=21, threadId=1, mid=1, method=selectBatchIds, signature=selectBatchIds(java.util.Collection), refPath=null, clazz=class com.example.alitababa.service.UserServiceImpl, declaredClass=null, staticInvoke=false, subject=true, finished=false)
2020-04-03 00:26:10.981 [ForkJoinPool.commonPool-worker-4] DEBUG m.etz.zunit.trace.InvocationContext.push(88) - stage:Invocation(id=21, threadId=1, mid=1, method=selectBatchIds, signature=selectBatchIds(java.util.Collection), refPath=null, clazz=class com.example.alitababa.service.UserServiceImpl, declaredClass=null, staticInvoke=false, subject=true, finished=false)
2020-04-03 00:26:10.984 [ForkJoinPool.commonPool-worker-1] DEBUG moc.etz.zunit.trace.TraceHelper.atExit(39) - 13,trigger by exit:public abstract T com.baomidou.mybatisplus.core.mapper.BaseMapper.selectById(java.io.Serializable)
2020-04-03 00:26:10.984 [ForkJoinPool.commonPool-worker-5] DEBUG moc.etz.zunit.trace.TraceHelper.atExit(39) - 13,trigger by exit:public abstract T com.baomidou.mybatisplus.core.mapper.BaseMapper.selectById(java.io.Serializable)
2020-04-03 00:26:10.984 [ForkJoinPool.commonPool-worker-1] DEBUG moc.etz.zunit.trace.TraceHelper.atExit(39) - 13,trigger by exit:public abstract T com.baomidou.mybatisplus.core.mapper.BaseMapper.selectById(java.io.Serializable)
2020-04-03 00:26:10.984 [main] DEBUG moc.etz.zunit.trace.TraceHelper.atExit(39) - 13,trigger by exit:public abstract T com.baomidou.mybatisplus.core.mapper.BaseMapper.selectById(java.io.Serializable)
2020-04-03 00:26:10.984 [ForkJoinPool.commonPool-worker-5] DEBUG moc.etz.zunit.trace.TraceHelper.atExit(39) - 13,trigger by exit:public abstract T com.baomidou.mybatisplus.core.mapper.BaseMapper.selectById(java.io.Serializable)
2020-04-03 00:26:10.984 [main] DEBUG moc.etz.zunit.trace.TraceHelper.atExit(39) - 13,trigger by exit:public abstract T com.baomidou.mybatisplus.core.mapper.BaseMapper.selectById(java.io.Serializable)
2020-04-03 00:26:10.985 [ForkJoinPool.commonPool-worker-5] DEBUG m.etz.zunit.trace.InvocationContext.canPop(75) - canPop :true
2020-04-03 00:26:10.985 [ForkJoinPool.commonPool-worker-5] DEBUG m.etz.zunit.trace.InvocationContext.canPop(75) - canPop :true
2020-04-03 00:26:10.985 [main] DEBUG m.etz.zunit.trace.InvocationContext.canPop(75) - canPop :true
2020-04-03 00:26:10.985 [ForkJoinPool.commonPool-worker-1] DEBUG m.etz.zunit.trace.InvocationContext.canPop(75) - canPop :true
2020-04-03 00:26:10.985 [main] DEBUG m.etz.zunit.trace.InvocationContext.canPop(75) - canPop :true
2020-04-03 00:26:10.985 [ForkJoinPool.commonPool-worker-1] DEBUG m.etz.zunit.trace.InvocationContext.canPop(75) - canPop :true
2020-04-03 00:26:10.986 [ForkJoinPool.commonPool-worker-3] DEBUG moc.etz.zunit.trace.TraceHelper.atExit(39) - 13,trigger by exit:public abstract T com.baomidou.mybatisplus.core.mapper.BaseMapper.selectById(java.io.Serializable)
2020-04-03 00:26:10.986 [ForkJoinPool.commonPool-worker-3] DEBUG moc.etz.zunit.trace.TraceHelper.atExit(39) - 13,trigger by exit:public abstract T com.baomidou.mybatisplus.core.mapper.BaseMapper.selectById(java.io.Serializable)
2020-04-03 00:26:10.987 [ForkJoinPool.commonPool-worker-4] DEBUG moc.etz.zunit.trace.TraceHelper.atExit(39) - 13,trigger by exit:public abstract T com.baomidou.mybatisplus.core.mapper.BaseMapper.selectById(java.io.Serializable)
2020-04-03 00:26:10.987 [ForkJoinPool.commonPool-worker-4] DEBUG moc.etz.zunit.trace.TraceHelper.atExit(39) - 13,trigger by exit:public abstract T com.baomidou.mybatisplus.core.mapper.BaseMapper.selectById(java.io.Serializable)
2020-04-03 00:26:10.987 [ForkJoinPool.commonPool-worker-2] DEBUG moc.etz.zunit.trace.TraceHelper.atExit(39) - 13,trigger by exit:public abstract T com.baomidou.mybatisplus.core.mapper.BaseMapper.selectById(java.io.Serializable)
2020-04-03 00:26:10.987 [ForkJoinPool.commonPool-worker-2] DEBUG moc.etz.zunit.trace.TraceHelper.atExit(39) - 13,trigger by exit:public abstract T com.baomidou.mybatisplus.core.mapper.BaseMapper.selectById(java.io.Serializable)
2020-04-03 00:26:10.987 [ForkJoinPool.commonPool-worker-4] DEBUG m.etz.zunit.trace.InvocationContext.canPop(75) - canPop :true
2020-04-03 00:26:10.987 [ForkJoinPool.commonPool-worker-2] DEBUG m.etz.zunit.trace.InvocationContext.canPop(75) - canPop :true
2020-04-03 00:26:10.987 [ForkJoinPool.commonPool-worker-3] DEBUG m.etz.zunit.trace.InvocationContext.canPop(75) - canPop :true
2020-04-03 00:26:10.987 [ForkJoinPool.commonPool-worker-4] DEBUG m.etz.zunit.trace.InvocationContext.canPop(75) - canPop :true
2020-04-03 00:26:10.987 [ForkJoinPool.commonPool-worker-2] DEBUG m.etz.zunit.trace.InvocationContext.canPop(75) - canPop :true
2020-04-03 00:26:10.987 [ForkJoinPool.commonPool-worker-3] DEBUG m.etz.zunit.trace.InvocationContext.canPop(75) - canPop :true
2020-04-03 00:26:10.988 [ForkJoinPool.commonPool-worker-1] DEBUG m.etz.zunit.trace.InvocationContext.pop(144) - unstaged:Invocation(id=21, threadId=1, mid=1, method=selectBatchIds, signature=selectBatchIds(java.util.Collection), refPath=null, clazz=class com.example.alitababa.service.UserServiceImpl, declaredClass=null, staticInvoke=false, subject=true, finished=false)
2020-04-03 00:26:10.988 [ForkJoinPool.commonPool-worker-1] DEBUG m.etz.zunit.trace.InvocationContext.pop(144) - unstaged:Invocation(id=21, threadId=1, mid=1, method=selectBatchIds, signature=selectBatchIds(java.util.Collection), refPath=null, clazz=class com.example.alitababa.service.UserServiceImpl, declaredClass=null, staticInvoke=false, subject=true, finished=false)
2020-04-03 00:26:10.988 [ForkJoinPool.commonPool-worker-5] DEBUG m.etz.zunit.trace.InvocationContext.pop(144) - unstaged:Invocation(id=21, threadId=1, mid=1, method=selectBatchIds, signature=selectBatchIds(java.util.Collection), refPath=null, clazz=class com.example.alitababa.service.UserServiceImpl, declaredClass=null, staticInvoke=false, subject=true, finished=false)
2020-04-03 00:26:10.988 [ForkJoinPool.commonPool-worker-5] DEBUG m.etz.zunit.trace.InvocationContext.pop(144) - unstaged:Invocation(id=21, threadId=1, mid=1, method=selectBatchIds, signature=selectBatchIds(java.util.Collection), refPath=null, clazz=class com.example.alitababa.service.UserServiceImpl, declaredClass=null, staticInvoke=false, subject=true, finished=false)
2020-04-03 00:26:10.989 [ForkJoinPool.commonPool-worker-1] DEBUG moc.etz.zunit.trace.TraceHelper.atEntry(20) - 13,trigger by entry:public abstract T com.baomidou.mybatisplus.core.mapper.BaseMapper.selectById(java.io.Serializable)
2020-04-03 00:26:10.989 [main] DEBUG moc.etz.zunit.trace.TraceHelper.atEntry(20) - 13,trigger by entry:public abstract T com.baomidou.mybatisplus.core.mapper.BaseMapper.selectById(java.io.Serializable)
2020-04-03 00:26:10.989 [ForkJoinPool.commonPool-worker-1] DEBUG moc.etz.zunit.trace.TraceHelper.atEntry(20) - 13,trigger by entry:public abstract T com.baomidou.mybatisplus.core.mapper.BaseMapper.selectById(java.io.Serializable)
2020-04-03 00:26:10.989 [main] DEBUG moc.etz.zunit.trace.TraceHelper.atEntry(20) - 13,trigger by entry:public abstract T com.baomidou.mybatisplus.core.mapper.BaseMapper.selectById(java.io.Serializable)
2020-04-03 00:26:10.989 [ForkJoinPool.commonPool-worker-1] DEBUG m.etz.zunit.trace.InvocationContext.canPush(62) - canPush :true
2020-04-03 00:26:10.989 [ForkJoinPool.commonPool-worker-5] DEBUG moc.etz.zunit.trace.TraceHelper.atEntry(20) - 13,trigger by entry:public abstract T com.baomidou.mybatisplus.core.mapper.BaseMapper.selectById(java.io.Serializable)
2020-04-03 00:26:10.989 [ForkJoinPool.commonPool-worker-1] DEBUG m.etz.zunit.trace.InvocationContext.canPush(62) - canPush :true
2020-04-03 00:26:10.989 [main] DEBUG m.etz.zunit.trace.InvocationContext.canPush(62) - canPush :true
2020-04-03 00:26:10.989 [main] DEBUG m.etz.zunit.trace.InvocationContext.canPush(62) - canPush :true
2020-04-03 00:26:10.989 [ForkJoinPool.commonPool-worker-5] DEBUG moc.etz.zunit.trace.TraceHelper.atEntry(20) - 13,trigger by entry:public abstract T com.baomidou.mybatisplus.core.mapper.BaseMapper.selectById(java.io.Serializable)
2020-04-03 00:26:10.989 [ForkJoinPool.commonPool-worker-1] DEBUG m.etz.zunit.trace.InvocationContext.push(88) - stage:Invocation(id=21, threadId=1, mid=1, method=selectBatchIds, signature=selectBatchIds(java.util.Collection), refPath=null, clazz=class com.example.alitababa.service.UserServiceImpl, declaredClass=null, staticInvoke=false, subject=true, finished=false)
2020-04-03 00:26:10.989 [ForkJoinPool.commonPool-worker-1] DEBUG m.etz.zunit.trace.InvocationContext.push(88) - stage:Invocation(id=21, threadId=1, mid=1, method=selectBatchIds, signature=selectBatchIds(java.util.Collection), refPath=null, clazz=class com.example.alitababa.service.UserServiceImpl, declaredClass=null, staticInvoke=false, subject=true, finished=false)
2020-04-03 00:26:10.989 [ForkJoinPool.commonPool-worker-5] DEBUG m.etz.zunit.trace.InvocationContext.canPush(62) - canPush :true
2020-04-03 00:26:10.989 [ForkJoinPool.commonPool-worker-5] DEBUG m.etz.zunit.trace.InvocationContext.canPush(62) - canPush :true
2020-04-03 00:26:10.990 [ForkJoinPool.commonPool-worker-5] DEBUG m.etz.zunit.trace.InvocationContext.push(88) - stage:Invocation(id=21, threadId=1, mid=1, method=selectBatchIds, signature=selectBatchIds(java.util.Collection), refPath=null, clazz=class com.example.alitababa.service.UserServiceImpl, declaredClass=null, staticInvoke=false, subject=true, finished=false)
2020-04-03 00:26:10.990 [ForkJoinPool.commonPool-worker-5] DEBUG m.etz.zunit.trace.InvocationContext.push(88) - stage:Invocation(id=21, threadId=1, mid=1, method=selectBatchIds, signature=selectBatchIds(java.util.Collection), refPath=null, clazz=class com.example.alitababa.service.UserServiceImpl, declaredClass=null, staticInvoke=false, subject=true, finished=false)
2020-04-03 00:26:10.992 [ForkJoinPool.commonPool-worker-3] DEBUG m.etz.zunit.trace.InvocationContext.pop(144) - unstaged:Invocation(id=21, threadId=1, mid=1, method=selectBatchIds, signature=selectBatchIds(java.util.Collection), refPath=null, clazz=class com.example.alitababa.service.UserServiceImpl, declaredClass=null, staticInvoke=false, subject=true, finished=false)
2020-04-03 00:26:10.992 [ForkJoinPool.commonPool-worker-2] DEBUG m.etz.zunit.trace.InvocationContext.pop(144) - unstaged:Invocation(id=21, threadId=1, mid=1, method=selectBatchIds, signature=selectBatchIds(java.util.Collection), refPath=null, clazz=class com.example.alitababa.service.UserServiceImpl, declaredClass=null, staticInvoke=false, subject=true, finished=false)
2020-04-03 00:26:10.992 [ForkJoinPool.commonPool-worker-3] DEBUG m.etz.zunit.trace.InvocationContext.pop(144) - unstaged:Invocation(id=21, threadId=1, mid=1, method=selectBatchIds, signature=selectBatchIds(java.util.Collection), refPath=null, clazz=class com.example.alitababa.service.UserServiceImpl, declaredClass=null, staticInvoke=false, subject=true, finished=false)
2020-04-03 00:26:10.992 [ForkJoinPool.commonPool-worker-2] DEBUG m.etz.zunit.trace.InvocationContext.pop(144) - unstaged:Invocation(id=21, threadId=1, mid=1, method=selectBatchIds, signature=selectBatchIds(java.util.Collection), refPath=null, clazz=class com.example.alitababa.service.UserServiceImpl, declaredClass=null, staticInvoke=false, subject=true, finished=false)
2020-04-03 00:26:10.993 [ForkJoinPool.commonPool-worker-4] DEBUG m.etz.zunit.trace.InvocationContext.pop(144) - unstaged:Invocation(id=21, threadId=1, mid=1, method=selectBatchIds, signature=selectBatchIds(java.util.Collection), refPath=null, clazz=class com.example.alitababa.service.UserServiceImpl, declaredClass=null, staticInvoke=false, subject=true, finished=false)
2020-04-03 00:26:10.993 [ForkJoinPool.commonPool-worker-4] DEBUG m.etz.zunit.trace.InvocationContext.pop(144) - unstaged:Invocation(id=21, threadId=1, mid=1, method=selectBatchIds, signature=selectBatchIds(java.util.Collection), refPath=null, clazz=class com.example.alitababa.service.UserServiceImpl, declaredClass=null, staticInvoke=false, subject=true, finished=false)
2020-04-03 00:26:10.993 [main] DEBUG moc.etz.zunit.trace.TraceHelper.atExit(39) - 13,trigger by exit:public abstract T com.baomidou.mybatisplus.core.mapper.BaseMapper.selectById(java.io.Serializable)
2020-04-03 00:26:10.993 [main] DEBUG moc.etz.zunit.trace.TraceHelper.atExit(39) - 13,trigger by exit:public abstract T com.baomidou.mybatisplus.core.mapper.BaseMapper.selectById(java.io.Serializable)
2020-04-03 00:26:10.994 [main] DEBUG m.etz.zunit.trace.InvocationContext.canPop(75) - canPop :true
2020-04-03 00:26:10.994 [main] DEBUG m.etz.zunit.trace.InvocationContext.canPop(75) - canPop :true
2020-04-03 00:26:10.994 [ForkJoinPool.commonPool-worker-1] DEBUG moc.etz.zunit.trace.TraceHelper.atExit(39) - 13,trigger by exit:public abstract T com.baomidou.mybatisplus.core.mapper.BaseMapper.selectById(java.io.Serializable)
2020-04-03 00:26:10.994 [ForkJoinPool.commonPool-worker-1] DEBUG moc.etz.zunit.trace.TraceHelper.atExit(39) - 13,trigger by exit:public abstract T com.baomidou.mybatisplus.core.mapper.BaseMapper.selectById(java.io.Serializable)
2020-04-03 00:26:10.994 [ForkJoinPool.commonPool-worker-1] DEBUG m.etz.zunit.trace.InvocationContext.canPop(75) - canPop :true
2020-04-03 00:26:10.994 [ForkJoinPool.commonPool-worker-1] DEBUG m.etz.zunit.trace.InvocationContext.canPop(75) - canPop :true
2020-04-03 00:26:10.995 [ForkJoinPool.commonPool-worker-5] DEBUG moc.etz.zunit.trace.TraceHelper.atExit(39) - 13,trigger by exit:public abstract T com.baomidou.mybatisplus.core.mapper.BaseMapper.selectById(java.io.Serializable)
2020-04-03 00:26:10.995 [ForkJoinPool.commonPool-worker-5] DEBUG moc.etz.zunit.trace.TraceHelper.atExit(39) - 13,trigger by exit:public abstract T com.baomidou.mybatisplus.core.mapper.BaseMapper.selectById(java.io.Serializable)
2020-04-03 00:26:10.995 [ForkJoinPool.commonPool-worker-5] DEBUG m.etz.zunit.trace.InvocationContext.canPop(75) - canPop :true
2020-04-03 00:26:10.995 [ForkJoinPool.commonPool-worker-5] DEBUG m.etz.zunit.trace.InvocationContext.canPop(75) - canPop :true
2020-04-03 00:26:10.995 [ForkJoinPool.commonPool-worker-1] DEBUG m.etz.zunit.trace.InvocationContext.pop(144) - unstaged:Invocation(id=21, threadId=1, mid=1, method=selectBatchIds, signature=selectBatchIds(java.util.Collection), refPath=null, clazz=class com.example.alitababa.service.UserServiceImpl, declaredClass=null, staticInvoke=false, subject=true, finished=false)
2020-04-03 00:26:10.995 [ForkJoinPool.commonPool-worker-1] DEBUG m.etz.zunit.trace.InvocationContext.pop(144) - unstaged:Invocation(id=21, threadId=1, mid=1, method=selectBatchIds, signature=selectBatchIds(java.util.Collection), refPath=null, clazz=class com.example.alitababa.service.UserServiceImpl, declaredClass=null, staticInvoke=false, subject=true, finished=false)
2020-04-03 00:26:10.996 [ForkJoinPool.commonPool-worker-5] DEBUG m.etz.zunit.trace.InvocationContext.pop(144) - unstaged:Invocation(id=21, threadId=1, mid=1, method=selectBatchIds, signature=selectBatchIds(java.util.Collection), refPath=null, clazz=class com.example.alitababa.service.UserServiceImpl, declaredClass=null, staticInvoke=false, subject=true, finished=false)
2020-04-03 00:26:10.996 [ForkJoinPool.commonPool-worker-5] DEBUG m.etz.zunit.trace.InvocationContext.pop(144) - unstaged:Invocation(id=21, threadId=1, mid=1, method=selectBatchIds, signature=selectBatchIds(java.util.Collection), refPath=null, clazz=class com.example.alitababa.service.UserServiceImpl, declaredClass=null, staticInvoke=false, subject=true, finished=false)
2020-04-03 00:26:10.996 [main] DEBUG moc.etz.zunit.trace.TraceHelper.atExit(39) - 2,trigger by exit:public java.util.List com.example.alitababa.service.UserServiceImpl.selectBatchIds(java.util.Collection)
2020-04-03 00:26:10.996 [main] DEBUG moc.etz.zunit.trace.TraceHelper.atExit(39) - 2,trigger by exit:public java.util.List com.example.alitababa.service.UserServiceImpl.selectBatchIds(java.util.Collection)
2020-04-03 00:26:10.996 [main] DEBUG m.etz.zunit.trace.InvocationContext.canPop(75) - canPop :true
2020-04-03 00:26:10.996 [main] DEBUG m.etz.zunit.trace.InvocationContext.canPop(75) - canPop :true
2020-04-03 00:26:11.004 [main] DEBUG moc.etz.zunit.trace.TraceHelper.atExit(39) - 1,trigger by exit:public abstract java.util.List com.example.alitababa.service.UserService.selectBatchIds(java.util.Collection)
2020-04-03 00:26:11.004 [main] DEBUG moc.etz.zunit.trace.TraceHelper.atExit(39) - 1,trigger by exit:public abstract java.util.List com.example.alitababa.service.UserService.selectBatchIds(java.util.Collection)
2020-04-03 00:26:11.006 [main] DEBUG m.etz.zunit.trace.InvocationContext.succeeded(36) - testSelect(com.example.alitababa.AlitababaApplicationTests) succeeded
2020-04-03 00:26:11.006 [main] DEBUG m.etz.zunit.trace.InvocationContext.succeeded(36) - testSelect(com.example.alitababa.AlitababaApplicationTests) succeeded
2020-04-03 00:26:11.025 [main] DEBUG m.etz.zunit.trace.InvocationContext.finished(60) - testSelect(com.example.alitababa.AlitababaApplicationTests) finished
2020-04-03 00:26:11.025 [main] DEBUG m.etz.zunit.trace.InvocationContext.finished(60) - testSelect(com.example.alitababa.AlitababaApplicationTests) finished
2020-04-03 00:26:11.030 [Thread-4] INFO  o.s.s.c.ThreadPoolTaskExecutor.shutdown(208) - Shutting down ExecutorService 'applicationTaskExecutor'
2020-04-03 00:26:11.031 [Thread-4] INFO  com.zaxxer.hikari.HikariDataSource.close(350) - HikariPool-1 - Shutdown initiated...
2020-04-03 00:26:11.034 [Thread-4] INFO  com.zaxxer.hikari.HikariDataSource.close(352) - HikariPool-1 - Shutdown completed.
