C:\devtools\oraclejdk\jdk8u221\bin\java.exe -ea -Didea.test.cyclic.buffer.size=1048576 "-javaagent:C:\devtools\JetBrains\IntelliJ IDEA 2020.1\lib\idea_rt.jar=59122:C:\devtools\JetBrains\IntelliJ IDEA 2020.1\bin" -Dfile.encoding=UTF-8 -classpath "C:\devtools\JetBrains\IntelliJ IDEA 2020.1\lib\idea_rt.jar;C:\devtools\JetBrains\IntelliJ IDEA 2020.1\plugins\junit\lib\junit5-rt.jar;C:\devtools\JetBrains\IntelliJ IDEA 2020.1\plugins\junit\lib\junit-rt.jar;C:\devtools\oraclejdk\jdk8u221\jre\lib\charsets.jar;C:\devtools\oraclejdk\jdk8u221\jre\lib\deploy.jar;C:\devtools\oraclejdk\jdk8u221\jre\lib\ext\access-bridge-64.jar;C:\devtools\oraclejdk\jdk8u221\jre\lib\ext\cldrdata.jar;C:\devtools\oraclejdk\jdk8u221\jre\lib\ext\dnsns.jar;C:\devtools\oraclejdk\jdk8u221\jre\lib\ext\jaccess.jar;C:\devtools\oraclejdk\jdk8u221\jre\lib\ext\jfxrt.jar;C:\devtools\oraclejdk\jdk8u221\jre\lib\ext\localedata.jar;C:\devtools\oraclejdk\jdk8u221\jre\lib\ext\nashorn.jar;C:\devtools\oraclejdk\jdk8u221\jre\lib\ext\sunec.jar;C:\devtools\oraclejdk\jdk8u221\jre\lib\ext\sunjce_provider.jar;C:\devtools\oraclejdk\jdk8u221\jre\lib\ext\sunmscapi.jar;C:\devtools\oraclejdk\jdk8u221\jre\lib\ext\sunpkcs11.jar;C:\devtools\oraclejdk\jdk8u221\jre\lib\ext\zipfs.jar;C:\devtools\oraclejdk\jdk8u221\jre\lib\javaws.jar;C:\devtools\oraclejdk\jdk8u221\jre\lib\jce.jar;C:\devtools\oraclejdk\jdk8u221\jre\lib\jfr.jar;C:\devtools\oraclejdk\jdk8u221\jre\lib\jfxswt.jar;C:\devtools\oraclejdk\jdk8u221\jre\lib\jsse.jar;C:\devtools\oraclejdk\jdk8u221\jre\lib\management-agent.jar;C:\devtools\oraclejdk\jdk8u221\jre\lib\plugin.jar;C:\devtools\oraclejdk\jdk8u221\jre\lib\resources.jar;C:\devtools\oraclejdk\jdk8u221\jre\lib\rt.jar;C:\data\alitababa\target\test-classes;C:\data\alitababa\target\classes;C:\Users\zscgrhg\.m2\repository\com\alitababa\transmittable-thread-local\2.11.4.1\transmittable-thread-local-2.11.4.1.jar;C:\Users\zscgrhg\.m2\repository\net\jodah\typetools\0.6.2\typetools-0.6.2.jar;C:\Users\zscgrhg\.m2\repository\com\zte\sputnik\0.0.7-SNAPSHOT\sputnik-0.0.7-SNAPSHOT.jar;C:\Users\zscgrhg\.m2\repository\cglib\cglib\3.3.0\cglib-3.3.0.jar;C:\Users\zscgrhg\.m2\repository\org\ow2\asm\asm\7.1\asm-7.1.jar;C:\Users\zscgrhg\.m2\repository\net\java\dev\jna\jna-platform\4.5.2\jna-platform-4.5.2.jar;C:\Users\zscgrhg\.m2\repository\net\java\dev\jna\jna\4.5.2\jna-4.5.2.jar;C:\Users\zscgrhg\.m2\repository\com\zte\sputnik\lbs\0.0.1-SNAPSHOT\lbs-0.0.1-SNAPSHOT.jar;C:\Users\zscgrhg\.m2\repository\io\github\classgraph\classgraph\4.8.66\classgraph-4.8.66.jar;C:\Users\zscgrhg\.m2\repository\com\github\spullara\mustache\java\compiler\0.9.4\compiler-0.9.4.jar;C:\Users\zscgrhg\.m2\repository\com\fasterxml\jackson\core\jackson-databind\2.9.10.3\jackson-databind-2.9.10.3.jar;C:\Users\zscgrhg\.m2\repository\com\fasterxml\jackson\core\jackson-annotations\2.9.10\jackson-annotations-2.9.10.jar;C:\Users\zscgrhg\.m2\repository\com\fasterxml\jackson\core\jackson-core\2.9.10\jackson-core-2.9.10.jar;C:\Users\zscgrhg\.m2\repository\org\jboss\byteman\byteman-submit\4.0.10\byteman-submit-4.0.10.jar;C:\Users\zscgrhg\.m2\repository\org\jboss\byteman\byteman-install\4.0.10\byteman-install-4.0.10.jar;C:\Users\zscgrhg\.m2\repository\org\jboss\byteman\byteman-bmunit\4.0.10\byteman-bmunit-4.0.10.jar;C:\Users\zscgrhg\.m2\repository\org\jboss\byteman\byteman\4.0.10\byteman-4.0.10.jar;C:\devtools\oraclejdk\jdk8u221\lib\tools.jar;C:\Users\zscgrhg\.m2\repository\org\codehaus\groovy\groovy-ant\2.5.9\groovy-ant-2.5.9.jar;C:\Users\zscgrhg\.m2\repository\org\apache\ant\ant\1.9.13\ant-1.9.13.jar;C:\Users\zscgrhg\.m2\repository\org\apache\ant\ant-junit\1.9.13\ant-junit-1.9.13.jar;C:\Users\zscgrhg\.m2\repository\org\apache\ant\ant-launcher\1.9.13\ant-launcher-1.9.13.jar;C:\Users\zscgrhg\.m2\repository\org\apache\ant\ant-antlr\1.9.13\ant-antlr-1.9.13.jar;C:\Users\zscgrhg\.m2\repository\org\codehaus\groovy\groovy-cli-commons\2.5.9\groovy-cli-commons-2.5.9.jar;C:\Users\zscgrhg\.m2\repository\commons-cli\commons-cli\1.4\commons-cli-1.4.jar;C:\Users\zscgrhg\.m2\repository\org\codehaus\groovy\groovy-cli-picocli\2.5.9\groovy-cli-picocli-2.5.9.jar;C:\Users\zscgrhg\.m2\repository\info\picocli\picocli\4.0.1\picocli-4.0.1.jar;C:\Users\zscgrhg\.m2\repository\org\codehaus\groovy\groovy-console\2.5.9\groovy-console-2.5.9.jar;C:\Users\zscgrhg\.m2\repository\org\codehaus\groovy\groovy-datetime\2.5.9\groovy-datetime-2.5.9.jar;C:\Users\zscgrhg\.m2\repository\org\codehaus\groovy\groovy-docgenerator\2.5.9\groovy-docgenerator-2.5.9.jar;C:\Users\zscgrhg\.m2\repository\com\thoughtworks\qdox\qdox\1.12.1\qdox-1.12.1.jar;C:\Users\zscgrhg\.m2\repository\org\codehaus\groovy\groovy-groovydoc\2.5.9\groovy-groovydoc-2.5.9.jar;C:\Users\zscgrhg\.m2\repository\org\codehaus\groovy\groovy-groovysh\2.5.9\groovy-groovysh-2.5.9.jar;C:\Users\zscgrhg\.m2\repository\jline\jline\2.14.6\jline-2.14.6.jar;C:\Users\zscgrhg\.m2\repository\org\codehaus\groovy\groovy-jmx\2.5.9\groovy-jmx-2.5.9.jar;C:\Users\zscgrhg\.m2\repository\org\codehaus\groovy\groovy-json\2.5.9\groovy-json-2.5.9.jar;C:\Users\zscgrhg\.m2\repository\org\codehaus\groovy\groovy-jsr223\2.5.9\groovy-jsr223-2.5.9.jar;C:\Users\zscgrhg\.m2\repository\org\codehaus\groovy\groovy-macro\2.5.9\groovy-macro-2.5.9.jar;C:\Users\zscgrhg\.m2\repository\org\codehaus\groovy\groovy-nio\2.5.9\groovy-nio-2.5.9.jar;C:\Users\zscgrhg\.m2\repository\org\codehaus\groovy\groovy-servlet\2.5.9\groovy-servlet-2.5.9.jar;C:\Users\zscgrhg\.m2\repository\org\codehaus\groovy\groovy-sql\2.5.9\groovy-sql-2.5.9.jar;C:\Users\zscgrhg\.m2\repository\org\codehaus\groovy\groovy-swing\2.5.9\groovy-swing-2.5.9.jar;C:\Users\zscgrhg\.m2\repository\org\codehaus\groovy\groovy-templates\2.5.9\groovy-templates-2.5.9.jar;C:\Users\zscgrhg\.m2\repository\org\codehaus\groovy\groovy-test\2.5.9\groovy-test-2.5.9.jar;C:\Users\zscgrhg\.m2\repository\org\codehaus\groovy\groovy-test-junit5\2.5.9\groovy-test-junit5-2.5.9.jar;C:\Users\zscgrhg\.m2\repository\org\codehaus\groovy\groovy-testng\2.5.9\groovy-testng-2.5.9.jar;C:\Users\zscgrhg\.m2\repository\org\testng\testng\6.13.1\testng-6.13.1.jar;C:\Users\zscgrhg\.m2\repository\com\beust\jcommander\1.72\jcommander-1.72.jar;C:\Users\zscgrhg\.m2\repository\org\codehaus\groovy\groovy-xml\2.5.9\groovy-xml-2.5.9.jar;C:\Users\zscgrhg\.m2\repository\junit\junit\4.12\junit-4.12.jar;C:\Users\zscgrhg\.m2\repository\com\baomidou\mybatis-plus-boot-starter\3.3.1.tmp\mybatis-plus-boot-starter-3.3.1.tmp.jar;C:\Users\zscgrhg\.m2\repository\com\baomidou\mybatis-plus\3.3.1.tmp\mybatis-plus-3.3.1.tmp.jar;C:\Users\zscgrhg\.m2\repository\com\baomidou\mybatis-plus-extension\3.3.1.tmp\mybatis-plus-extension-3.3.1.tmp.jar;C:\Users\zscgrhg\.m2\repository\com\baomidou\mybatis-plus-core\3.3.1.tmp\mybatis-plus-core-3.3.1.tmp.jar;C:\Users\zscgrhg\.m2\repository\com\baomidou\mybatis-plus-annotation\3.3.1.tmp\mybatis-plus-annotation-3.3.1.tmp.jar;C:\Users\zscgrhg\.m2\repository\com\github\jsqlparser\jsqlparser\3.1\jsqlparser-3.1.jar;C:\Users\zscgrhg\.m2\repository\org\springframework\boot\spring-boot-autoconfigure\2.1.13.RELEASE\spring-boot-autoconfigure-2.1.13.RELEASE.jar;C:\Users\zscgrhg\.m2\repository\org\springframework\boot\spring-boot\2.1.13.RELEASE\spring-boot-2.1.13.RELEASE.jar;C:\Users\zscgrhg\.m2\repository\org\springframework\boot\spring-boot-starter-jdbc\2.1.13.RELEASE\spring-boot-starter-jdbc-2.1.13.RELEASE.jar;C:\Users\zscgrhg\.m2\repository\com\zaxxer\HikariCP\3.2.0\HikariCP-3.2.0.jar;C:\Users\zscgrhg\.m2\repository\org\springframework\spring-jdbc\5.1.14.RELEASE\spring-jdbc-5.1.14.RELEASE.jar;C:\Users\zscgrhg\.m2\repository\org\springframework\spring-tx\5.1.14.RELEASE\spring-tx-5.1.14.RELEASE.jar;C:\Users\zscgrhg\.m2\repository\org\springframework\boot\spring-boot-starter-web\2.1.13.RELEASE\spring-boot-starter-web-2.1.13.RELEASE.jar;C:\Users\zscgrhg\.m2\repository\org\springframework\boot\spring-boot-starter\2.1.13.RELEASE\spring-boot-starter-2.1.13.RELEASE.jar;C:\Users\zscgrhg\.m2\repository\org\springframework\boot\spring-boot-starter-logging\2.1.13.RELEASE\spring-boot-starter-logging-2.1.13.RELEASE.jar;C:\Users\zscgrhg\.m2\repository\ch\qos\logback\logback-classic\1.2.3\logback-classic-1.2.3.jar;C:\Users\zscgrhg\.m2\repository\ch\qos\logback\logback-core\1.2.3\logback-core-1.2.3.jar;C:\Users\zscgrhg\.m2\repository\org\apache\logging\log4j\log4j-to-slf4j\2.11.2\log4j-to-slf4j-2.11.2.jar;C:\Users\zscgrhg\.m2\repository\org\apache\logging\log4j\log4j-api\2.11.2\log4j-api-2.11.2.jar;C:\Users\zscgrhg\.m2\repository\org\slf4j\jul-to-slf4j\1.7.30\jul-to-slf4j-1.7.30.jar;C:\Users\zscgrhg\.m2\repository\javax\annotation\javax.annotation-api\1.3.2\javax.annotation-api-1.3.2.jar;C:\Users\zscgrhg\.m2\repository\org\yaml\snakeyaml\1.23\snakeyaml-1.23.jar;C:\Users\zscgrhg\.m2\repository\org\springframework\boot\spring-boot-starter-json\2.1.13.RELEASE\spring-boot-starter-json-2.1.13.RELEASE.jar;C:\Users\zscgrhg\.m2\repository\com\fasterxml\jackson\datatype\jackson-datatype-jdk8\2.9.10\jackson-datatype-jdk8-2.9.10.jar;C:\Users\zscgrhg\.m2\repository\com\fasterxml\jackson\datatype\jackson-datatype-jsr310\2.9.10\jackson-datatype-jsr310-2.9.10.jar;C:\Users\zscgrhg\.m2\repository\com\fasterxml\jackson\module\jackson-module-parameter-names\2.9.10\jackson-module-parameter-names-2.9.10.jar;C:\Users\zscgrhg\.m2\repository\org\springframework\boot\spring-boot-starter-tomcat\2.1.13.RELEASE\spring-boot-starter-tomcat-2.1.13.RELEASE.jar;C:\Users\zscgrhg\.m2\repository\org\apache\tomcat\embed\tomcat-embed-core\9.0.31\tomcat-embed-core-9.0.31.jar;C:\Users\zscgrhg\.m2\repository\org\apache\tomcat\embed\tomcat-embed-el\9.0.31\tomcat-embed-el-9.0.31.jar;C:\Users\zscgrhg\.m2\repository\org\apache\tomcat\embed\tomcat-embed-websocket\9.0.31\tomcat-embed-websocket-9.0.31.jar;C:\Users\zscgrhg\.m2\repository\org\hibernate\validator\hibernate-validator\6.0.18.Final\hibernate-validator-6.0.18.Final.jar;C:\Users\zscgrhg\.m2\repository\javax\validation\validation-api\2.0.1.Final\validation-api-2.0.1.Final.jar;C:\Users\zscgrhg\.m2\repository\org\jboss\logging\jboss-logging\3.3.3.Final\jboss-logging-3.3.3.Final.jar;C:\Users\zscgrhg\.m2\repository\com\fasterxml\classmate\1.4.0\classmate-1.4.0.jar;C:\Users\zscgrhg\.m2\repository\org\springframework\spring-web\5.1.14.RELEASE\spring-web-5.1.14.RELEASE.jar;C:\Users\zscgrhg\.m2\repository\org\springframework\spring-beans\5.1.14.RELEASE\spring-beans-5.1.14.RELEASE.jar;C:\Users\zscgrhg\.m2\repository\org\springframework\spring-webmvc\5.1.14.RELEASE\spring-webmvc-5.1.14.RELEASE.jar;C:\Users\zscgrhg\.m2\repository\org\springframework\spring-aop\5.1.14.RELEASE\spring-aop-5.1.14.RELEASE.jar;C:\Users\zscgrhg\.m2\repository\org\springframework\spring-context\5.1.14.RELEASE\spring-context-5.1.14.RELEASE.jar;C:\Users\zscgrhg\.m2\repository\org\springframework\spring-expression\5.1.14.RELEASE\spring-expression-5.1.14.RELEASE.jar;C:\Users\zscgrhg\.m2\repository\org\mybatis\spring\boot\mybatis-spring-boot-starter\2.1.2\mybatis-spring-boot-starter-2.1.2.jar;C:\Users\zscgrhg\.m2\repository\org\mybatis\spring\boot\mybatis-spring-boot-autoconfigure\2.1.2\mybatis-spring-boot-autoconfigure-2.1.2.jar;C:\Users\zscgrhg\.m2\repository\org\mybatis\mybatis\3.5.4\mybatis-3.5.4.jar;C:\Users\zscgrhg\.m2\repository\org\mybatis\mybatis-spring\2.0.4\mybatis-spring-2.0.4.jar;C:\Users\zscgrhg\.m2\repository\com\h2database\h2\1.4.200\h2-1.4.200.jar;C:\Users\zscgrhg\.m2\repository\org\projectlombok\lombok\1.18.12\lombok-1.18.12.jar;C:\Users\zscgrhg\.m2\repository\org\springframework\boot\spring-boot-starter-test\2.1.13.RELEASE\spring-boot-starter-test-2.1.13.RELEASE.jar;C:\Users\zscgrhg\.m2\repository\org\springframework\boot\spring-boot-test\2.1.13.RELEASE\spring-boot-test-2.1.13.RELEASE.jar;C:\Users\zscgrhg\.m2\repository\org\springframework\boot\spring-boot-test-autoconfigure\2.1.13.RELEASE\spring-boot-test-autoconfigure-2.1.13.RELEASE.jar;C:\Users\zscgrhg\.m2\repository\com\jayway\jsonpath\json-path\2.4.0\json-path-2.4.0.jar;C:\Users\zscgrhg\.m2\repository\net\minidev\json-smart\2.3\json-smart-2.3.jar;C:\Users\zscgrhg\.m2\repository\net\minidev\accessors-smart\1.2\accessors-smart-1.2.jar;C:\Users\zscgrhg\.m2\repository\org\slf4j\slf4j-api\1.7.30\slf4j-api-1.7.30.jar;C:\Users\zscgrhg\.m2\repository\org\assertj\assertj-core\3.11.1\assertj-core-3.11.1.jar;C:\Users\zscgrhg\.m2\repository\org\mockito\mockito-core\2.23.4\mockito-core-2.23.4.jar;C:\Users\zscgrhg\.m2\repository\net\bytebuddy\byte-buddy-agent\1.9.16\byte-buddy-agent-1.9.16.jar;C:\Users\zscgrhg\.m2\repository\org\hamcrest\hamcrest-library\1.3\hamcrest-library-1.3.jar;C:\Users\zscgrhg\.m2\repository\org\skyscreamer\jsonassert\1.5.0\jsonassert-1.5.0.jar;C:\Users\zscgrhg\.m2\repository\com\vaadin\external\google\android-json\0.0.20131108.vaadin1\android-json-0.0.20131108.vaadin1.jar;C:\Users\zscgrhg\.m2\repository\org\springframework\spring-core\5.1.14.RELEASE\spring-core-5.1.14.RELEASE.jar;C:\Users\zscgrhg\.m2\repository\org\springframework\spring-jcl\5.1.14.RELEASE\spring-jcl-5.1.14.RELEASE.jar;C:\Users\zscgrhg\.m2\repository\org\springframework\spring-test\5.1.14.RELEASE\spring-test-5.1.14.RELEASE.jar;C:\Users\zscgrhg\.m2\repository\org\xmlunit\xmlunit-core\2.6.3\xmlunit-core-2.6.3.jar;C:\Users\zscgrhg\.m2\repository\javax\xml\bind\jaxb-api\2.3.1\jaxb-api-2.3.1.jar;C:\Users\zscgrhg\.m2\repository\javax\activation\javax.activation-api\1.2.0\javax.activation-api-1.2.0.jar;C:\Users\zscgrhg\.m2\repository\org\spockframework\spock-core\1.3-groovy-2.5\spock-core-1.3-groovy-2.5.jar;C:\Users\zscgrhg\.m2\repository\org\junit\platform\junit-platform-commons\1.5.1\junit-platform-commons-1.5.1.jar;C:\Users\zscgrhg\.m2\repository\org\apiguardian\apiguardian-api\1.1.0\apiguardian-api-1.1.0.jar;C:\Users\zscgrhg\.m2\repository\org\junit\platform\junit-platform-launcher\1.5.1\junit-platform-launcher-1.5.1.jar;C:\Users\zscgrhg\.m2\repository\org\junit\platform\junit-platform-engine\1.3.2\junit-platform-engine-1.3.2.jar;C:\Users\zscgrhg\.m2\repository\org\junit\jupiter\junit-jupiter-api\5.3.0\junit-jupiter-api-5.3.0.jar;C:\Users\zscgrhg\.m2\repository\org\opentest4j\opentest4j\1.1.0\opentest4j-1.1.0.jar;C:\Users\zscgrhg\.m2\repository\org\junit\jupiter\junit-jupiter-engine\5.3.0\junit-jupiter-engine-5.3.0.jar;C:\Users\zscgrhg\.m2\repository\org\junit\vintage\junit-vintage-engine\5.3.0\junit-vintage-engine-5.3.0.jar;C:\Users\zscgrhg\.m2\repository\org\codehaus\groovy\groovy\2.5.9\groovy-2.5.9.jar;C:\Users\zscgrhg\.m2\repository\net\bytebuddy\byte-buddy\1.9.3\byte-buddy-1.9.3.jar;C:\Users\zscgrhg\.m2\repository\org\objenesis\objenesis\2.6\objenesis-2.6.jar;C:\Users\zscgrhg\.m2\repository\org\hamcrest\hamcrest-core\1.3\hamcrest-core-1.3.jar" com.intellij.rt.junit.JUnitStarter -ideVersion5 -junit5 @w@C:\Users\zscgrhg\AppData\Local\Temp\idea_working_dirs_junit.tmp @C:\Users\zscgrhg\AppData\Local\Temp\idea_junit.tmp -socket59121

2020-04-13 22:38:31.085 [main] DEBUG com.zte.sputnik.instrument.BMUtil.getPid(65) - CurrentProcessId=10448
2020-04-13 22:38:31.126 [main] DEBUG com.zte.sputnik.instrument.BMUtil.getPid(65) - CurrentProcessId=10448
BMUnit : loading agent id = 10448
byteman jar is C:\Users\zscgrhg\.m2\repository\org\jboss\byteman\byteman\4.0.10\byteman-4.0.10.jar
Setting org.jboss.byteman.transform.all=true
Setting org.jboss.byteman.debug=true
AccessManager:init Initialising default AccessManager
TransformListener() : accepting requests on localhost:59128
2020-04-13 22:38:31.155 [main] DEBUG com.zte.sputnik.instrument.BMUtil.loadAgent(98) - bm:agent successfully installed at pid localhost port 59128
TransformListener() : handling connection on port 59128
2020-04-13 22:38:31.159 [main] DEBUG com.zte.sputnik.instrument.BMUtil.loadAgent(101) - bm:config pushed.
2020-04-13 22:38:31.164 [main] DEBUG com.zte.sputnik.instrument.BMUtil.getPid(65) - CurrentProcessId=10448
BMUnit : loading text script = com.example.alitababa.service.UserServiceImpl20200413223400N1SpecTest+verify method:query(java.lang.Long,javax.servlet.http.HttpServletRequest,javax.servlet.http.HttpServletResponse)
TransformListener() : handling connection on port 59128
retransforming com.example.alitababa.service.ServiceLocatorLocator
org.jboss.byteman.agent.Transformer : possible trigger for rule invoke_static:com.example.alitababa.service.ServiceLocatorLocator::findServiceLocator()@com.example.alitababa.service.UserServiceImpl20200413223400N1SpecTest in class com.example.alitababa.service.ServiceLocatorLocator
RuleTriggerMethodAdapter.injectTriggerPoint : inserting trigger into com.example.alitababa.service.ServiceLocatorLocator.findServiceLocator() com.example.alitababa.service.ServiceLocator for rule invoke_static:com.example.alitababa.service.ServiceLocatorLocator::findServiceLocator()@com.example.alitababa.service.UserServiceImpl20200413223400N1SpecTest
org.jboss.byteman.agent.Transformer : inserted trigger for invoke_static:com.example.alitababa.service.ServiceLocatorLocator::findServiceLocator()@com.example.alitababa.service.UserServiceImpl20200413223400N1SpecTest in class com.example.alitababa.service.ServiceLocatorLocator
org.jboss.byteman.agent.Transformer : possible trigger for rule invoke_static:com.example.alitababa.service.ServiceLocatorLocator::compute(int,int)@com.example.alitababa.service.UserServiceImpl20200413223400N1SpecTest in class com.example.alitababa.service.ServiceLocatorLocator
RuleTriggerMethodAdapter.injectTriggerPoint : inserting trigger into com.example.alitababa.service.ServiceLocatorLocator.compute(int,int) boolean for rule invoke_static:com.example.alitababa.service.ServiceLocatorLocator::compute(int,int)@com.example.alitababa.service.UserServiceImpl20200413223400N1SpecTest
org.jboss.byteman.agent.Transformer : inserted trigger for invoke_static:com.example.alitababa.service.ServiceLocatorLocator::compute(int,int)@com.example.alitababa.service.UserServiceImpl20200413223400N1SpecTest in class com.example.alitababa.service.ServiceLocatorLocator
2020-04-13 22:38:31.734 [main] ERROR c.z.s.extension.ObjectGroovyMethods.copyDirtyPropsTo(65) - null
Rule.execute called for invoke_static:com.example.alitababa.service.ServiceLocatorLocator::findServiceLocator()@com.example.alitababa.service.UserServiceImpl20200413223400N1SpecTest_1:0
HelperManager.install for helper class com.zte.sputnik.extension.InvokeStaicHelper
invoke_static:com.example.alitababa.service.ServiceLocatorLocator::findServiceLocator()@com.example.alitababa.service.UserServiceImpl20200413223400N1SpecTest execute()
caught ReturnException
Rule.execute called for invoke_static:com.example.alitababa.service.ServiceLocatorLocator::compute(int,int)@com.example.alitababa.service.UserServiceImpl20200413223400N1SpecTest_0:0
HelperManager.install for helper class com.zte.sputnik.extension.InvokeStaicHelper
invoke_static:com.example.alitababa.service.ServiceLocatorLocator::compute(int,int)@com.example.alitababa.service.UserServiceImpl20200413223400N1SpecTest execute()
caught ReturnException
BMUnit : unloading text script = com.example.alitababa.service.UserServiceImpl20200413223400N1SpecTest+verify method:query(java.lang.Long,javax.servlet.http.HttpServletRequest,javax.servlet.http.HttpServletResponse)
TransformListener() : handling connection on port 59128
retransforming com.example.alitababa.service.ServiceLocatorLocator
HelperManager.uninstall for helper class com.zte.sputnik.extension.InvokeStaicHelper
HelperManager.uninstall for helper class com.zte.sputnik.extension.InvokeStaicHelper


BMUnit : loading text script = com.example.alitababa.service.UserServiceImpl20200413223400N2SpecTest+verify method:queryParallel(java.lang.Long,javax.servlet.http.HttpServletRequest,javax.servlet.http.HttpServletResponse)
TransformListener() : handling connection on port 59128
retransforming com.example.alitababa.service.ServiceLocatorLocator
org.jboss.byteman.agent.Transformer : possible trigger for rule invoke_static:com.example.alitababa.service.ServiceLocatorLocator::compute(int,int)@com.example.alitababa.service.UserServiceImpl20200413223400N2SpecTest in class com.example.alitababa.service.ServiceLocatorLocator
RuleTriggerMethodAdapter.injectTriggerPoint : inserting trigger into com.example.alitababa.service.ServiceLocatorLocator.compute(int,int) boolean for rule invoke_static:com.example.alitababa.service.ServiceLocatorLocator::compute(int,int)@com.example.alitababa.service.UserServiceImpl20200413223400N2SpecTest
org.jboss.byteman.agent.Transformer : inserted trigger for invoke_static:com.example.alitababa.service.ServiceLocatorLocator::compute(int,int)@com.example.alitababa.service.UserServiceImpl20200413223400N2SpecTest in class com.example.alitababa.service.ServiceLocatorLocator
2020-04-13 22:38:32.656 [main] ERROR c.z.s.extension.ObjectGroovyMethods.copyDirtyPropsTo(65) - null
Rule.execute called for invoke_static:com.example.alitababa.service.ServiceLocatorLocator::compute(int,int)@com.example.alitababa.service.UserServiceImpl20200413223400N2SpecTest_2:0
HelperManager.install for helper class com.zte.sputnik.extension.InvokeStaicHelper
invoke_static:com.example.alitababa.service.ServiceLocatorLocator::compute(int,int)@com.example.alitababa.service.UserServiceImpl20200413223400N2SpecTest execute()
caught ReturnException
BMUnit : unloading text script = com.example.alitababa.service.UserServiceImpl20200413223400N2SpecTest+verify method:queryParallel(java.lang.Long,javax.servlet.http.HttpServletRequest,javax.servlet.http.HttpServletResponse)
TransformListener() : handling connection on port 59128
retransforming com.example.alitababa.service.ServiceLocatorLocator
HelperManager.uninstall for helper class com.zte.sputnik.extension.InvokeStaicHelper


BMUnit : loading text script = com.example.alitababa.service.UserServiceImpl20200413223400N3SpecTest+verify method:queryParallel(java.lang.Long,javax.servlet.http.HttpServletRequest,javax.servlet.http.HttpServletResponse)
TransformListener() : handling connection on port 59128
retransforming com.example.alitababa.service.ServiceLocatorLocator
org.jboss.byteman.agent.Transformer : possible trigger for rule invoke_static:com.example.alitababa.service.ServiceLocatorLocator::findServiceLocator()@com.example.alitababa.service.UserServiceImpl20200413223400N3SpecTest in class com.example.alitababa.service.ServiceLocatorLocator
RuleTriggerMethodAdapter.injectTriggerPoint : inserting trigger into com.example.alitababa.service.ServiceLocatorLocator.findServiceLocator() com.example.alitababa.service.ServiceLocator for rule invoke_static:com.example.alitababa.service.ServiceLocatorLocator::findServiceLocator()@com.example.alitababa.service.UserServiceImpl20200413223400N3SpecTest
org.jboss.byteman.agent.Transformer : inserted trigger for invoke_static:com.example.alitababa.service.ServiceLocatorLocator::findServiceLocator()@com.example.alitababa.service.UserServiceImpl20200413223400N3SpecTest in class com.example.alitababa.service.ServiceLocatorLocator
org.jboss.byteman.agent.Transformer : possible trigger for rule invoke_static:com.example.alitababa.service.ServiceLocatorLocator::compute(int,int)@com.example.alitababa.service.UserServiceImpl20200413223400N3SpecTest in class com.example.alitababa.service.ServiceLocatorLocator
RuleTriggerMethodAdapter.injectTriggerPoint : inserting trigger into com.example.alitababa.service.ServiceLocatorLocator.compute(int,int) boolean for rule invoke_static:com.example.alitababa.service.ServiceLocatorLocator::compute(int,int)@com.example.alitababa.service.UserServiceImpl20200413223400N3SpecTest
org.jboss.byteman.agent.Transformer : inserted trigger for invoke_static:com.example.alitababa.service.ServiceLocatorLocator::compute(int,int)@com.example.alitababa.service.UserServiceImpl20200413223400N3SpecTest in class com.example.alitababa.service.ServiceLocatorLocator
2020-04-13 22:38:32.764 [main] ERROR c.z.s.extension.ObjectGroovyMethods.copyDirtyPropsTo(65) - null
Rule.execute called for invoke_static:com.example.alitababa.service.ServiceLocatorLocator::compute(int,int)@com.example.alitababa.service.UserServiceImpl20200413223400N3SpecTest_3:0
HelperManager.install for helper class com.zte.sputnik.extension.InvokeStaicHelper
invoke_static:com.example.alitababa.service.ServiceLocatorLocator::compute(int,int)@com.example.alitababa.service.UserServiceImpl20200413223400N3SpecTest execute()
caught ReturnException
Rule.execute called for invoke_static:com.example.alitababa.service.ServiceLocatorLocator::findServiceLocator()@com.example.alitababa.service.UserServiceImpl20200413223400N3SpecTest_4:0
Rule.execute called for invoke_static:com.example.alitababa.service.ServiceLocatorLocator::findServiceLocator()@com.example.alitababa.service.UserServiceImpl20200413223400N3SpecTest_4:0
Rule.execute called for invoke_static:com.example.alitababa.service.ServiceLocatorLocator::findServiceLocator()@com.example.alitababa.service.UserServiceImpl20200413223400N3SpecTest_4:0
HelperManager.install for helper class com.zte.sputnik.extension.InvokeStaicHelper
invoke_static:com.example.alitababa.service.ServiceLocatorLocator::findServiceLocator()@com.example.alitababa.service.UserServiceImpl20200413223400N3SpecTest execute()
invoke_static:com.example.alitababa.service.ServiceLocatorLocator::findServiceLocator()@com.example.alitababa.service.UserServiceImpl20200413223400N3SpecTest execute()
invoke_static:com.example.alitababa.service.ServiceLocatorLocator::findServiceLocator()@com.example.alitababa.service.UserServiceImpl20200413223400N3SpecTest execute()
caught ReturnException
22:38:34.076 [ForkJoinPool.commonPool-worker-1] DEBUG org.springframework.web.client.RestTemplate - HTTP GET https://www.baidu.com/s?ie=utf-8&ie=utf-8&mod=1&isbd=1&isid=8ad7c0fa0001798b&f=8&rsv_bp=1&rsv_idx=1&tn=monline_3_dg&wd=%25E6%25B7%25B1%25E5%259C%25B3%2520%25E5%25A4%25A9%25E6%25B0%2594&oq=%2525E6%2525B7%2525B1%2525E5%25259C%2525B3%252520%2525E5%2525A4%2525A9%2525E6%2525B0%252594&rsv_pq=8ad7c0fa0001798b&rsv_t=90f5Mwo%252Bmr7xK%252B5CZVuFRL3k%252F%252Bph1epYMRdBNApO9KiJvQHLZOIGuR5EnKEw%252FwJWcJB2&rqlang=cn&rsv_enter=0&rsv_dl=tb&bs=%25E6%25B7%25B1%25E5%259C%25B3%2520%25E5%25A4%25A9%25E6%25B0%2594&rsv_sid=1465_21125&_ss=1&clist=42b6f6d6aa1c6eab%25091c2801087a540d9a%250930a9027ccaa3cb32&hsug=&f4s=1&csor=3&_cr1=35581
22:38:34.076 [ForkJoinPool.commonPool-worker-2] DEBUG org.springframework.web.client.RestTemplate - HTTP GET https://www.baidu.com/s?ie=utf-8&ie=utf-8&mod=1&isbd=1&isid=8ad7c0fa0001798b&f=8&rsv_bp=1&rsv_idx=1&tn=monline_3_dg&wd=%25E6%25B7%25B1%25E5%259C%25B3%2520%25E5%25A4%25A9%25E6%25B0%2594&oq=%2525E6%2525B7%2525B1%2525E5%25259C%2525B3%252520%2525E5%2525A4%2525A9%2525E6%2525B0%252594&rsv_pq=8ad7c0fa0001798b&rsv_t=90f5Mwo%252Bmr7xK%252B5CZVuFRL3k%252F%252Bph1epYMRdBNApO9KiJvQHLZOIGuR5EnKEw%252FwJWcJB2&rqlang=cn&rsv_enter=0&rsv_dl=tb&bs=%25E6%25B7%25B1%25E5%259C%25B3%2520%25E5%25A4%25A9%25E6%25B0%2594&rsv_sid=1465_21125&_ss=1&clist=42b6f6d6aa1c6eab%25091c2801087a540d9a%250930a9027ccaa3cb32&hsug=&f4s=1&csor=3&_cr1=35581
22:38:34.085 [ForkJoinPool.commonPool-worker-1] DEBUG org.springframework.web.client.RestTemplate - Accept=[text/plain, application/json, application/*+json, */*]
22:38:34.085 [ForkJoinPool.commonPool-worker-2] DEBUG org.springframework.web.client.RestTemplate - Accept=[text/plain, application/json, application/*+json, */*]
22:38:34.281 [ForkJoinPool.commonPool-worker-2] DEBUG org.springframework.web.client.RestTemplate - Response 200 OK
22:38:34.281 [ForkJoinPool.commonPool-worker-1] DEBUG org.springframework.web.client.RestTemplate - Response 200 OK
22:38:34.282 [ForkJoinPool.commonPool-worker-2] DEBUG org.springframework.web.client.RestTemplate - Reading to [java.lang.String] as "text/html"
22:38:34.282 [ForkJoinPool.commonPool-worker-1] DEBUG org.springframework.web.client.RestTemplate - Reading to [java.lang.String] as "text/html"
BMUnit : unloading text script = com.example.alitababa.service.UserServiceImpl20200413223400N3SpecTest+verify method:queryParallel(java.lang.Long,javax.servlet.http.HttpServletRequest,javax.servlet.http.HttpServletResponse)
TransformListener() : handling connection on port 59128
retransforming com.example.alitababa.service.ServiceLocatorLocator
HelperManager.uninstall for helper class com.zte.sputnik.extension.InvokeStaicHelper
HelperManager.uninstall for helper class com.zte.sputnik.extension.InvokeStaicHelper


Too few invocations for:

1 * findServiceLocator() >> {
                    _e ->
                        return Mock(com.example.alitababa.service.ServiceLocator) {
                            1 * findWeatherService() >> {
                                _g ->
                                    return Mock(com.example.alitababa.service.WeatherService) {
                                        1 * getWeather() >> {
                                            _i ->
                                                return RETURNED776
                                        }
                                    }
                            }
                        }
                }   (0 invocations)

Unmatched invocations (ordered by similarity):

None

Too few invocations for:

1 * findServiceLocator() >> {
                    _h ->
                        return Mock(com.example.alitababa.service.ServiceLocator) {
                            1 * findWeatherService() >> {
                                _j ->
                                    return Mock(com.example.alitababa.service.WeatherService) {
                                        1 * getWeather() >> {
                                            _l ->
                                                return RETURNED775
                                        }
                                    }
                            }
                        }
                }   (0 invocations)

Unmatched invocations (ordered by similarity):

None



	at org.spockframework.mock.runtime.InteractionScope.verifyInteractions(InteractionScope.java:98)
	at org.spockframework.mock.runtime.MockController.leaveScope(MockController.java:77)
	at com.example.alitababa.service.UserServiceImpl20200413223400N3SpecTest.verify method:queryParallel(java.lang.Long,javax.servlet.http.HttpServletRequest,javax.servlet.http.HttpServletResponse)(UserServiceImpl20200413223400N3SpecTest.groovy:145)



Process finished with exit code -1
